<?xml version="1.0" encoding="UTF-8"?>
<!-- Generated by org.testng.reporters.JUnitReportReporter -->
<testsuite hostname="LAPTOP-C34I4R69" failures="0" tests="1" name="com.simpletests.TestCase1" time="2.271" errors="0" timestamp="2023-03-13T17:25:40 PDT" skipped="0">
  <testcase classname="com.simpletests.TestCase1" name="getUserData" time="2.271"/>
  <system-out/>
</testsuite> <!-- com.simpletests.TestCase1 -->
