<?xml version="1.0" encoding="UTF-8"?>
<!-- Generated by org.testng.reporters.JUnitReportReporter -->
<testsuite hostname="LAPTOP-C34I4R69" failures="0" tests="2" name="com.simpletests.TekarchApiTests" time="18.530" errors="0" timestamp="2023-03-09T20:29:32 PST" skipped="0">
  <testcase classname="com.simpletests.TekarchApiTests" name="getUserData" time="16.377"/>
  <system-out/>
  <testcase classname="com.simpletests.TekarchApiTests" name="logintoApi" time="2.153"/>
  <system-out/>
</testsuite> <!-- com.simpletests.TekarchApiTests -->
