<?xml version="1.0" encoding="UTF-8"?>
<!-- Generated by org.testng.reporters.JUnitReportReporter -->
<testsuite hostname="LAPTOP-C34I4R69" failures="0" tests="1" name="com.simpletests.UpdateData" time="2.614" errors="0" timestamp="2023-03-11T15:42:36 PST" skipped="0">
  <testcase classname="com.simpletests.UpdateData" name="addUserData" time="2.614"/>
  <system-out/>
</testsuite> <!-- com.simpletests.UpdateData -->
