<?xml version="1.0" encoding="UTF-8"?>
<!-- Generated by org.testng.reporters.JUnitReportReporter -->
<testsuite hostname="LAPTOP-C34I4R69" failures="0" tests="1" name="com.simpletests.UpdateDataTest" time="2.723" errors="0" timestamp="2023-03-11T23:10:52 PST" skipped="0">
  <testcase classname="com.simpletests.UpdateDataTest" name="updateUserData" time="2.723"/>
  <system-out/>
</testsuite> <!-- com.simpletests.UpdateDataTest -->
