<?xml version="1.0" encoding="UTF-8"?>
<!-- Generated by org.testng.reporters.JUnitReportReporter -->
<testsuite hostname="LAPTOP-C34I4R69" failures="0" tests="1" name="com.simpletests.CreateData1" time="2.734" errors="0" timestamp="2023-03-11T15:44:02 PST" skipped="0">
  <testcase classname="com.simpletests.CreateData1" name="addUserData" time="2.734"/>
  <system-out/>
</testsuite> <!-- com.simpletests.CreateData1 -->
