<?xml version="1.0" encoding="UTF-8"?>
<!-- Generated by org.testng.reporters.JUnitReportReporter -->
<testsuite hostname="LAPTOP-C34I4R69" failures="0" tests="1" name="com.simpletests.LoginToApi2" time="0.010" errors="0" timestamp="2023-03-13T12:05:52 PDT" skipped="0">
  <testcase classname="com.simpletests.LoginToApi2" name="setUp" time="0.010"/>
  <system-out/>
</testsuite> <!-- com.simpletests.LoginToApi2 -->
