<?xml version="1.0" encoding="UTF-8"?>
<!-- Generated by org.testng.reporters.JUnitReportReporter -->
<testsuite hostname="LAPTOP-C34I4R69" failures="0" tests="1" name="com.simpletests.GetDataTest" time="1.989" errors="0" timestamp="2023-03-13T13:44:45 PDT" skipped="0">
  <testcase classname="com.simpletests.GetDataTest" name="getUserData" time="1.989"/>
  <system-out/>
</testsuite> <!-- com.simpletests.GetDataTest -->
