<?xml version="1.0" encoding="UTF-8"?>
<!-- Generated by org.testng.reporters.JUnitReportReporter -->
<testsuite hostname="LAPTOP-C34I4R69" failures="0" tests="2" name="com.day4.GetDataTest$GetDataWithPOJO" time="10.055" errors="0" timestamp="2023-03-13T12:12:35 PDT" skipped="0">
  <testcase classname="com.day4.GetDataTest$GetDataWithPOJO" name="logintoApi" time="3.455"/>
  <system-out/>
  <testcase classname="com.day4.GetDataTest$GetDataWithPOJO" name="getUserData" time="6.600"/>
  <system-out/>
</testsuite> <!-- com.day4.GetDataTest$GetDataWithPOJO -->
