<?xml version="1.0" encoding="UTF-8"?>
<!-- Generated by org.testng.reporters.JUnitReportReporter -->
<testsuite hostname="LAPTOP-C34I4R69" failures="0" tests="2" name="com.simpletests.FirstApiTests" time="3.474" errors="0" timestamp="2023-03-11T15:35:34 PST" skipped="0">
  <testcase classname="com.simpletests.FirstApiTests" name="GetRequestToSpecificFilght1" time="0.194"/>
  <system-out/>
  <testcase classname="com.simpletests.FirstApiTests" name="GetRequestToSpecificFilght" time="3.280"/>
  <system-out/>
</testsuite> <!-- com.simpletests.FirstApiTests -->
