<?xml version="1.0" encoding="UTF-8"?>
<!-- Generated by org.testng.reporters.JUnitReportReporter -->
<testsuite hostname="LAPTOP-C34I4R69" failures="0" tests="1" name="com.simpletests.GetDataWithPOJO" time="4.643" errors="0" timestamp="2023-03-11T16:36:22 PST" skipped="0">
  <testcase classname="com.simpletests.GetDataWithPOJO" name="logintoApi" time="4.643"/>
  <system-out/>
</testsuite> <!-- com.simpletests.GetDataWithPOJO -->
