<?xml version="1.0" encoding="UTF-8"?>
<!-- Generated by org.testng.reporters.JUnitReportReporter -->
<testsuite hostname="LAPTOP-C34I4R69" failures="0" tests="1" name="com.simpletests.DeleteData" time="2.239" errors="0" timestamp="2023-03-13T16:40:08 PDT" skipped="0">
  <testcase classname="com.simpletests.DeleteData" name="deleteUserData" time="2.239"/>
  <system-out/>
</testsuite> <!-- com.simpletests.DeleteData -->
