<?xml version="1.0" encoding="UTF-8"?>
<!-- Generated by org.testng.reporters.JUnitReportReporter -->
<testsuite hostname="LAPTOP-C34I4R69" failures="0" tests="1" name="com.simpletests.CreateDataDummy" time="2.177" errors="0" timestamp="2023-03-13T16:44:54 PDT" skipped="0">
  <testcase classname="com.simpletests.CreateDataDummy" name="createUserData" time="2.177"/>
  <system-out/>
</testsuite> <!-- com.simpletests.CreateDataDummy -->
