<?xml version="1.0" encoding="UTF-8"?>
<!-- Generated by org.testng.reporters.JUnitReportReporter -->
<testsuite hostname="LAPTOP-C34I4R69" failures="0" tests="1" name="com.simpletests.CreateData" time="2.425" errors="0" timestamp="2023-03-13T14:43:15 PDT" skipped="0">
  <testcase classname="com.simpletests.CreateData" name="createUserData" time="2.425"/>
  <system-out/>
</testsuite> <!-- com.simpletests.CreateData -->
