<?xml version="1.0" encoding="UTF-8"?>
<!-- Generated by org.testng.reporters.JUnitReportReporter -->
<testsuite hostname="LAPTOP-C34I4R69" failures="0" tests="1" name="com.simpletests.TestCase5" time="2.085" errors="0" timestamp="2023-03-13T16:27:08 PDT" skipped="0">
  <testcase classname="com.simpletests.TestCase5" name="createUserData" time="2.085"/>
  <system-out/>
</testsuite> <!-- com.simpletests.TestCase5 -->
