<?xml version="1.0" encoding="UTF-8"?>
<!-- Generated by org.testng.reporters.JUnitReportReporter -->
<testsuite hostname="LAPTOP-C34I4R69" failures="0" tests="3" name="com.test.tests.HekathonAPITestScriptEndToEnd" time="0.020" errors="1" timestamp="2023-03-13T20:15:09 PDT" skipped="2">
  <testcase classname="com.test.tests.HekathonAPITestScriptEndToEnd" name="baseUri" time="0.019">
    <error type="java.lang.StackOverflowError">
      <![CDATA[java.lang.StackOverflowError
at com.test.tests.HekathonAPITestScriptEndToEnd.baseUri(HekathonAPITestScriptEndToEnd.java:21)
at com.test.tests.HekathonAPITestScriptEndToEnd.baseUri(HekathonAPITestScriptEndToEnd.java:21)
at com.test.tests.HekathonAPITestScriptEndToEnd.baseUri(HekathonAPITestScriptEndToEnd.java:21)
at com.test.tests.HekathonAPITestScriptEndToEnd.baseUri(HekathonAPITestScriptEndToEnd.java:21)
at com.test.tests.HekathonAPITestScriptEndToEnd.baseUri(HekathonAPITestScriptEndToEnd.java:21)
at com.test.tests.HekathonAPITestScriptEndToEnd.baseUri(HekathonAPITestScriptEndToEnd.java:21)
at com.test.tests.HekathonAPITestScriptEndToEnd.baseUri(HekathonAPITestScriptEndToEnd.java:21)
at com.test.tests.HekathonAPITestScriptEndToEnd.baseUri(HekathonAPITestScriptEndToEnd.java:21)
at com.test.tests.HekathonAPITestScriptEndToEnd.baseUri(HekathonAPITestScriptEndToEnd.java:21)
at com.test.tests.HekathonAPITestScriptEndToEnd.baseUri(HekathonAPITestScriptEndToEnd.java:21)
at com.test.tests.HekathonAPITestScriptEndToEnd.baseUri(HekathonAPITestScriptEndToEnd.java:21)
at com.test.tests.HekathonAPITestScriptEndToEnd.baseUri(HekathonAPITestScriptEndToEnd.java:21)
at com.test.tests.HekathonAPITestScriptEndToEnd.baseUri(HekathonAPITestScriptEndToEnd.java:21)
at com.test.tests.HekathonAPITestScriptEndToEnd.baseUri(HekathonAPITestScriptEndToEnd.java:21)
at com.test.tests.HekathonAPITestScriptEndToEnd.baseUri(HekathonAPITestScriptEndToEnd.java:21)
at com.test.tests.HekathonAPITestScriptEndToEnd.baseUri(HekathonAPITestScriptEndToEnd.java:21)
at com.test.tests.HekathonAPITestScriptEndToEnd.baseUri(HekathonAPITestScriptEndToEnd.java:21)
at com.test.tests.HekathonAPITestScriptEndToEnd.baseUri(HekathonAPITestScriptEndToEnd.java:21)
at com.test.tests.HekathonAPITestScriptEndToEnd.baseUri(HekathonAPITestScriptEndToEnd.java:21)
at com.test.tests.HekathonAPITestScriptEndToEnd.baseUri(HekathonAPITestScriptEndToEnd.java:21)
at com.test.tests.HekathonAPITestScriptEndToEnd.baseUri(HekathonAPITestScriptEndToEnd.java:21)
at com.test.tests.HekathonAPITestScriptEndToEnd.baseUri(HekathonAPITestScriptEndToEnd.java:21)
at com.test.tests.HekathonAPITestScriptEndToEnd.baseUri(HekathonAPITestScriptEndToEnd.java:21)
at com.test.tests.HekathonAPITestScriptEndToEnd.baseUri(HekathonAPITestScriptEndToEnd.java:21)
at com.test.tests.HekathonAPITestScriptEndToEnd.baseUri(HekathonAPITestScriptEndToEnd.java:21)
at com.test.tests.HekathonAPITestScriptEndToEnd.baseUri(HekathonAPITestScriptEndToEnd.java:21)
at com.test.tests.HekathonAPITestScriptEndToEnd.baseUri(HekathonAPITestScriptEndToEnd.java:21)
at com.test.tests.HekathonAPITestScriptEndToEnd.baseUri(HekathonAPITestScriptEndToEnd.java:21)
at com.test.tests.HekathonAPITestScriptEndToEnd.baseUri(HekathonAPITestScriptEndToEnd.java:21)
at com.test.tests.HekathonAPITestScriptEndToEnd.baseUri(HekathonAPITestScriptEndToEnd.java:21)
at com.test.tests.HekathonAPITestScriptEndToEnd.baseUri(HekathonAPITestScriptEndToEnd.java:21)
at com.test.tests.HekathonAPITestScriptEndToEnd.baseUri(HekathonAPITestScriptEndToEnd.java:21)
at com.test.tests.HekathonAPITestScriptEndToEnd.baseUri(HekathonAPITestScriptEndToEnd.java:21)
at com.test.tests.HekathonAPITestScriptEndToEnd.baseUri(HekathonAPITestScriptEndToEnd.java:21)
at com.test.tests.HekathonAPITestScriptEndToEnd.baseUri(HekathonAPITestScriptEndToEnd.java:21)
at com.test.tests.HekathonAPITestScriptEndToEnd.baseUri(HekathonAPITestScriptEndToEnd.java:21)
at com.test.tests.HekathonAPITestScriptEndToEnd.baseUri(HekathonAPITestScriptEndToEnd.java:21)
at com.test.tests.HekathonAPITestScriptEndToEnd.baseUri(HekathonAPITestScriptEndToEnd.java:21)
at com.test.tests.HekathonAPITestScriptEndToEnd.baseUri(HekathonAPITestScriptEndToEnd.java:21)
at com.test.tests.HekathonAPITestScriptEndToEnd.baseUri(HekathonAPITestScriptEndToEnd.java:21)
at com.test.tests.HekathonAPITestScriptEndToEnd.baseUri(HekathonAPITestScriptEndToEnd.java:21)
at com.test.tests.HekathonAPITestScriptEndToEnd.baseUri(HekathonAPITestScriptEndToEnd.java:21)
at com.test.tests.HekathonAPITestScriptEndToEnd.baseUri(HekathonAPITestScriptEndToEnd.java:21)
at com.test.tests.HekathonAPITestScriptEndToEnd.baseUri(HekathonAPITestScriptEndToEnd.java:21)
at com.test.tests.HekathonAPITestScriptEndToEnd.baseUri(HekathonAPITestScriptEndToEnd.java:21)
at com.test.tests.HekathonAPITestScriptEndToEnd.baseUri(HekathonAPITestScriptEndToEnd.java:21)
at com.test.tests.HekathonAPITestScriptEndToEnd.baseUri(HekathonAPITestScriptEndToEnd.java:21)
at com.test.tests.HekathonAPITestScriptEndToEnd.baseUri(HekathonAPITestScriptEndToEnd.java:21)
at com.test.tests.HekathonAPITestScriptEndToEnd.baseUri(HekathonAPITestScriptEndToEnd.java:21)
at com.test.tests.HekathonAPITestScriptEndToEnd.baseUri(HekathonAPITestScriptEndToEnd.java:21)
at com.test.tests.HekathonAPITestScriptEndToEnd.baseUri(HekathonAPITestScriptEndToEnd.java:21)
at com.test.tests.HekathonAPITestScriptEndToEnd.baseUri(HekathonAPITestScriptEndToEnd.java:21)
at com.test.tests.HekathonAPITestScriptEndToEnd.baseUri(HekathonAPITestScriptEndToEnd.java:21)
at com.test.tests.HekathonAPITestScriptEndToEnd.baseUri(HekathonAPITestScriptEndToEnd.java:21)
at com.test.tests.HekathonAPITestScriptEndToEnd.baseUri(HekathonAPITestScriptEndToEnd.java:21)
at com.test.tests.HekathonAPITestScriptEndToEnd.baseUri(HekathonAPITestScriptEndToEnd.java:21)
at com.test.tests.HekathonAPITestScriptEndToEnd.baseUri(HekathonAPITestScriptEndToEnd.java:21)
at com.test.tests.HekathonAPITestScriptEndToEnd.baseUri(HekathonAPITestScriptEndToEnd.java:21)
at com.test.tests.HekathonAPITestScriptEndToEnd.baseUri(HekathonAPITestScriptEndToEnd.java:21)
at com.test.tests.HekathonAPITestScriptEndToEnd.baseUri(HekathonAPITestScriptEndToEnd.java:21)
at com.test.tests.HekathonAPITestScriptEndToEnd.baseUri(HekathonAPITestScriptEndToEnd.java:21)
at com.test.tests.HekathonAPITestScriptEndToEnd.baseUri(HekathonAPITestScriptEndToEnd.java:21)
at com.test.tests.HekathonAPITestScriptEndToEnd.baseUri(HekathonAPITestScriptEndToEnd.java:21)
at com.test.tests.HekathonAPITestScriptEndToEnd.baseUri(HekathonAPITestScriptEndToEnd.java:21)
at com.test.tests.HekathonAPITestScriptEndToEnd.baseUri(HekathonAPITestScriptEndToEnd.java:21)
at com.test.tests.HekathonAPITestScriptEndToEnd.baseUri(HekathonAPITestScriptEndToEnd.java:21)
at com.test.tests.HekathonAPITestScriptEndToEnd.baseUri(HekathonAPITestScriptEndToEnd.java:21)
at com.test.tests.HekathonAPITestScriptEndToEnd.baseUri(HekathonAPITestScriptEndToEnd.java:21)
at com.test.tests.HekathonAPITestScriptEndToEnd.baseUri(HekathonAPITestScriptEndToEnd.java:21)
at com.test.tests.HekathonAPITestScriptEndToEnd.baseUri(HekathonAPITestScriptEndToEnd.java:21)
at com.test.tests.HekathonAPITestScriptEndToEnd.baseUri(HekathonAPITestScriptEndToEnd.java:21)
at com.test.tests.HekathonAPITestScriptEndToEnd.baseUri(HekathonAPITestScriptEndToEnd.java:21)
at com.test.tests.HekathonAPITestScriptEndToEnd.baseUri(HekathonAPITestScriptEndToEnd.java:21)
at com.test.tests.HekathonAPITestScriptEndToEnd.baseUri(HekathonAPITestScriptEndToEnd.java:21)
at com.test.tests.HekathonAPITestScriptEndToEnd.baseUri(HekathonAPITestScriptEndToEnd.java:21)
at com.test.tests.HekathonAPITestScriptEndToEnd.baseUri(HekathonAPITestScriptEndToEnd.java:21)
at com.test.tests.HekathonAPITestScriptEndToEnd.baseUri(HekathonAPITestScriptEndToEnd.java:21)
at com.test.tests.HekathonAPITestScriptEndToEnd.baseUri(HekathonAPITestScriptEndToEnd.java:21)
at com.test.tests.HekathonAPITestScriptEndToEnd.baseUri(HekathonAPITestScriptEndToEnd.java:21)
at com.test.tests.HekathonAPITestScriptEndToEnd.baseUri(HekathonAPITestScriptEndToEnd.java:21)
at com.test.tests.HekathonAPITestScriptEndToEnd.baseUri(HekathonAPITestScriptEndToEnd.java:21)
at com.test.tests.HekathonAPITestScriptEndToEnd.baseUri(HekathonAPITestScriptEndToEnd.java:21)
at com.test.tests.HekathonAPITestScriptEndToEnd.baseUri(HekathonAPITestScriptEndToEnd.java:21)
at com.test.tests.HekathonAPITestScriptEndToEnd.baseUri(HekathonAPITestScriptEndToEnd.java:21)
at com.test.tests.HekathonAPITestScriptEndToEnd.baseUri(HekathonAPITestScriptEndToEnd.java:21)
at com.test.tests.HekathonAPITestScriptEndToEnd.baseUri(HekathonAPITestScriptEndToEnd.java:21)
at com.test.tests.HekathonAPITestScriptEndToEnd.baseUri(HekathonAPITestScriptEndToEnd.java:21)
at com.test.tests.HekathonAPITestScriptEndToEnd.baseUri(HekathonAPITestScriptEndToEnd.java:21)
at com.test.tests.HekathonAPITestScriptEndToEnd.baseUri(HekathonAPITestScriptEndToEnd.java:21)
at com.test.tests.HekathonAPITestScriptEndToEnd.baseUri(HekathonAPITestScriptEndToEnd.java:21)
at com.test.tests.HekathonAPITestScriptEndToEnd.baseUri(HekathonAPITestScriptEndToEnd.java:21)
at com.test.tests.HekathonAPITestScriptEndToEnd.baseUri(HekathonAPITestScriptEndToEnd.java:21)
at com.test.tests.HekathonAPITestScriptEndToEnd.baseUri(HekathonAPITestScriptEndToEnd.java:21)
at com.test.tests.HekathonAPITestScriptEndToEnd.baseUri(HekathonAPITestScriptEndToEnd.java:21)
at com.test.tests.HekathonAPITestScriptEndToEnd.baseUri(HekathonAPITestScriptEndToEnd.java:21)
at com.test.tests.HekathonAPITestScriptEndToEnd.baseUri(HekathonAPITestScriptEndToEnd.java:21)
at com.test.tests.HekathonAPITestScriptEndToEnd.baseUri(HekathonAPITestScriptEndToEnd.java:21)
at com.test.tests.HekathonAPITestScriptEndToEnd.baseUri(HekathonAPITestScriptEndToEnd.java:21)
at com.test.tests.HekathonAPITestScriptEndToEnd.baseUri(HekathonAPITestScriptEndToEnd.java:21)
at com.test.tests.HekathonAPITestScriptEndToEnd.baseUri(HekathonAPITestScriptEndToEnd.java:21)
at com.test.tests.HekathonAPITestScriptEndToEnd.baseUri(HekathonAPITestScriptEndToEnd.java:21)
at com.test.tests.HekathonAPITestScriptEndToEnd.baseUri(HekathonAPITestScriptEndToEnd.java:21)
at com.test.tests.HekathonAPITestScriptEndToEnd.baseUri(HekathonAPITestScriptEndToEnd.java:21)
at com.test.tests.HekathonAPITestScriptEndToEnd.baseUri(HekathonAPITestScriptEndToEnd.java:21)
at com.test.tests.HekathonAPITestScriptEndToEnd.baseUri(HekathonAPITestScriptEndToEnd.java:21)
at com.test.tests.HekathonAPITestScriptEndToEnd.baseUri(HekathonAPITestScriptEndToEnd.java:21)
at com.test.tests.HekathonAPITestScriptEndToEnd.baseUri(HekathonAPITestScriptEndToEnd.java:21)
at com.test.tests.HekathonAPITestScriptEndToEnd.baseUri(HekathonAPITestScriptEndToEnd.java:21)
at com.test.tests.HekathonAPITestScriptEndToEnd.baseUri(HekathonAPITestScriptEndToEnd.java:21)
at com.test.tests.HekathonAPITestScriptEndToEnd.baseUri(HekathonAPITestScriptEndToEnd.java:21)
at com.test.tests.HekathonAPITestScriptEndToEnd.baseUri(HekathonAPITestScriptEndToEnd.java:21)
at com.test.tests.HekathonAPITestScriptEndToEnd.baseUri(HekathonAPITestScriptEndToEnd.java:21)
at com.test.tests.HekathonAPITestScriptEndToEnd.baseUri(HekathonAPITestScriptEndToEnd.java:21)
at com.test.tests.HekathonAPITestScriptEndToEnd.baseUri(HekathonAPITestScriptEndToEnd.java:21)
at com.test.tests.HekathonAPITestScriptEndToEnd.baseUri(HekathonAPITestScriptEndToEnd.java:21)
at com.test.tests.HekathonAPITestScriptEndToEnd.baseUri(HekathonAPITestScriptEndToEnd.java:21)
at com.test.tests.HekathonAPITestScriptEndToEnd.baseUri(HekathonAPITestScriptEndToEnd.java:21)
at com.test.tests.HekathonAPITestScriptEndToEnd.baseUri(HekathonAPITestScriptEndToEnd.java:21)
at com.test.tests.HekathonAPITestScriptEndToEnd.baseUri(HekathonAPITestScriptEndToEnd.java:21)
at com.test.tests.HekathonAPITestScriptEndToEnd.baseUri(HekathonAPITestScriptEndToEnd.java:21)
at com.test.tests.HekathonAPITestScriptEndToEnd.baseUri(HekathonAPITestScriptEndToEnd.java:21)
at com.test.tests.HekathonAPITestScriptEndToEnd.baseUri(HekathonAPITestScriptEndToEnd.java:21)
at com.test.tests.HekathonAPITestScriptEndToEnd.baseUri(HekathonAPITestScriptEndToEnd.java:21)
at com.test.tests.HekathonAPITestScriptEndToEnd.baseUri(HekathonAPITestScriptEndToEnd.java:21)
at com.test.tests.HekathonAPITestScriptEndToEnd.baseUri(HekathonAPITestScriptEndToEnd.java:21)
at com.test.tests.HekathonAPITestScriptEndToEnd.baseUri(HekathonAPITestScriptEndToEnd.java:21)
at com.test.tests.HekathonAPITestScriptEndToEnd.baseUri(HekathonAPITestScriptEndToEnd.java:21)
at com.test.tests.HekathonAPITestScriptEndToEnd.baseUri(HekathonAPITestScriptEndToEnd.java:21)
at com.test.tests.HekathonAPITestScriptEndToEnd.baseUri(HekathonAPITestScriptEndToEnd.java:21)
at com.test.tests.HekathonAPITestScriptEndToEnd.baseUri(HekathonAPITestScriptEndToEnd.java:21)
at com.test.tests.HekathonAPITestScriptEndToEnd.baseUri(HekathonAPITestScriptEndToEnd.java:21)
at com.test.tests.HekathonAPITestScriptEndToEnd.baseUri(HekathonAPITestScriptEndToEnd.java:21)
at com.test.tests.HekathonAPITestScriptEndToEnd.baseUri(HekathonAPITestScriptEndToEnd.java:21)
at com.test.tests.HekathonAPITestScriptEndToEnd.baseUri(HekathonAPITestScriptEndToEnd.java:21)
at com.test.tests.HekathonAPITestScriptEndToEnd.baseUri(HekathonAPITestScriptEndToEnd.java:21)
at com.test.tests.HekathonAPITestScriptEndToEnd.baseUri(HekathonAPITestScriptEndToEnd.java:21)
at com.test.tests.HekathonAPITestScriptEndToEnd.baseUri(HekathonAPITestScriptEndToEnd.java:21)
at com.test.tests.HekathonAPITestScriptEndToEnd.baseUri(HekathonAPITestScriptEndToEnd.java:21)
at com.test.tests.HekathonAPITestScriptEndToEnd.baseUri(HekathonAPITestScriptEndToEnd.java:21)
at com.test.tests.HekathonAPITestScriptEndToEnd.baseUri(HekathonAPITestScriptEndToEnd.java:21)
at com.test.tests.HekathonAPITestScriptEndToEnd.baseUri(HekathonAPITestScriptEndToEnd.java:21)
at com.test.tests.HekathonAPITestScriptEndToEnd.baseUri(HekathonAPITestScriptEndToEnd.java:21)
at com.test.tests.HekathonAPITestScriptEndToEnd.baseUri(HekathonAPITestScriptEndToEnd.java:21)
at com.test.tests.HekathonAPITestScriptEndToEnd.baseUri(HekathonAPITestScriptEndToEnd.java:21)
at com.test.tests.HekathonAPITestScriptEndToEnd.baseUri(HekathonAPITestScriptEndToEnd.java:21)
at com.test.tests.HekathonAPITestScriptEndToEnd.baseUri(HekathonAPITestScriptEndToEnd.java:21)
at com.test.tests.HekathonAPITestScriptEndToEnd.baseUri(HekathonAPITestScriptEndToEnd.java:21)
at com.test.tests.HekathonAPITestScriptEndToEnd.baseUri(HekathonAPITestScriptEndToEnd.java:21)
at com.test.tests.HekathonAPITestScriptEndToEnd.baseUri(HekathonAPITestScriptEndToEnd.java:21)
at com.test.tests.HekathonAPITestScriptEndToEnd.baseUri(HekathonAPITestScriptEndToEnd.java:21)
at com.test.tests.HekathonAPITestScriptEndToEnd.baseUri(HekathonAPITestScriptEndToEnd.java:21)
at com.test.tests.HekathonAPITestScriptEndToEnd.baseUri(HekathonAPITestScriptEndToEnd.java:21)
at com.test.tests.HekathonAPITestScriptEndToEnd.baseUri(HekathonAPITestScriptEndToEnd.java:21)
at com.test.tests.HekathonAPITestScriptEndToEnd.baseUri(HekathonAPITestScriptEndToEnd.java:21)
at com.test.tests.HekathonAPITestScriptEndToEnd.baseUri(HekathonAPITestScriptEndToEnd.java:21)
at com.test.tests.HekathonAPITestScriptEndToEnd.baseUri(HekathonAPITestScriptEndToEnd.java:21)
at com.test.tests.HekathonAPITestScriptEndToEnd.baseUri(HekathonAPITestScriptEndToEnd.java:21)
at com.test.tests.HekathonAPITestScriptEndToEnd.baseUri(HekathonAPITestScriptEndToEnd.java:21)
at com.test.tests.HekathonAPITestScriptEndToEnd.baseUri(HekathonAPITestScriptEndToEnd.java:21)
at com.test.tests.HekathonAPITestScriptEndToEnd.baseUri(HekathonAPITestScriptEndToEnd.java:21)
at com.test.tests.HekathonAPITestScriptEndToEnd.baseUri(HekathonAPITestScriptEndToEnd.java:21)
at com.test.tests.HekathonAPITestScriptEndToEnd.baseUri(HekathonAPITestScriptEndToEnd.java:21)
at com.test.tests.HekathonAPITestScriptEndToEnd.baseUri(HekathonAPITestScriptEndToEnd.java:21)
at com.test.tests.HekathonAPITestScriptEndToEnd.baseUri(HekathonAPITestScriptEndToEnd.java:21)
at com.test.tests.HekathonAPITestScriptEndToEnd.baseUri(HekathonAPITestScriptEndToEnd.java:21)
at com.test.tests.HekathonAPITestScriptEndToEnd.baseUri(HekathonAPITestScriptEndToEnd.java:21)
at com.test.tests.HekathonAPITestScriptEndToEnd.baseUri(HekathonAPITestScriptEndToEnd.java:21)
at com.test.tests.HekathonAPITestScriptEndToEnd.baseUri(HekathonAPITestScriptEndToEnd.java:21)
at com.test.tests.HekathonAPITestScriptEndToEnd.baseUri(HekathonAPITestScriptEndToEnd.java:21)
at com.test.tests.HekathonAPITestScriptEndToEnd.baseUri(HekathonAPITestScriptEndToEnd.java:21)
at com.test.tests.HekathonAPITestScriptEndToEnd.baseUri(HekathonAPITestScriptEndToEnd.java:21)
at com.test.tests.HekathonAPITestScriptEndToEnd.baseUri(HekathonAPITestScriptEndToEnd.java:21)
at com.test.tests.HekathonAPITestScriptEndToEnd.baseUri(HekathonAPITestScriptEndToEnd.java:21)
at com.test.tests.HekathonAPITestScriptEndToEnd.baseUri(HekathonAPITestScriptEndToEnd.java:21)
at com.test.tests.HekathonAPITestScriptEndToEnd.baseUri(HekathonAPITestScriptEndToEnd.java:21)
at com.test.tests.HekathonAPITestScriptEndToEnd.baseUri(HekathonAPITestScriptEndToEnd.java:21)
at com.test.tests.HekathonAPITestScriptEndToEnd.baseUri(HekathonAPITestScriptEndToEnd.java:21)
at com.test.tests.HekathonAPITestScriptEndToEnd.baseUri(HekathonAPITestScriptEndToEnd.java:21)
at com.test.tests.HekathonAPITestScriptEndToEnd.baseUri(HekathonAPITestScriptEndToEnd.java:21)
at com.test.tests.HekathonAPITestScriptEndToEnd.baseUri(HekathonAPITestScriptEndToEnd.java:21)
at com.test.tests.HekathonAPITestScriptEndToEnd.baseUri(HekathonAPITestScriptEndToEnd.java:21)
at com.test.tests.HekathonAPITestScriptEndToEnd.baseUri(HekathonAPITestScriptEndToEnd.java:21)
at com.test.tests.HekathonAPITestScriptEndToEnd.baseUri(HekathonAPITestScriptEndToEnd.java:21)
at com.test.tests.HekathonAPITestScriptEndToEnd.baseUri(HekathonAPITestScriptEndToEnd.java:21)
at com.test.tests.HekathonAPITestScriptEndToEnd.baseUri(HekathonAPITestScriptEndToEnd.java:21)
at com.test.tests.HekathonAPITestScriptEndToEnd.baseUri(HekathonAPITestScriptEndToEnd.java:21)
at com.test.tests.HekathonAPITestScriptEndToEnd.baseUri(HekathonAPITestScriptEndToEnd.java:21)
at com.test.tests.HekathonAPITestScriptEndToEnd.baseUri(HekathonAPITestScriptEndToEnd.java:21)
at com.test.tests.HekathonAPITestScriptEndToEnd.baseUri(HekathonAPITestScriptEndToEnd.java:21)
at com.test.tests.HekathonAPITestScriptEndToEnd.baseUri(HekathonAPITestScriptEndToEnd.java:21)
at com.test.tests.HekathonAPITestScriptEndToEnd.baseUri(HekathonAPITestScriptEndToEnd.java:21)
at com.test.tests.HekathonAPITestScriptEndToEnd.baseUri(HekathonAPITestScriptEndToEnd.java:21)
at com.test.tests.HekathonAPITestScriptEndToEnd.baseUri(HekathonAPITestScriptEndToEnd.java:21)
at com.test.tests.HekathonAPITestScriptEndToEnd.baseUri(HekathonAPITestScriptEndToEnd.java:21)
at com.test.tests.HekathonAPITestScriptEndToEnd.baseUri(HekathonAPITestScriptEndToEnd.java:21)
at com.test.tests.HekathonAPITestScriptEndToEnd.baseUri(HekathonAPITestScriptEndToEnd.java:21)
at com.test.tests.HekathonAPITestScriptEndToEnd.baseUri(HekathonAPITestScriptEndToEnd.java:21)
at com.test.tests.HekathonAPITestScriptEndToEnd.baseUri(HekathonAPITestScriptEndToEnd.java:21)
at com.test.tests.HekathonAPITestScriptEndToEnd.baseUri(HekathonAPITestScriptEndToEnd.java:21)
at com.test.tests.HekathonAPITestScriptEndToEnd.baseUri(HekathonAPITestScriptEndToEnd.java:21)
at com.test.tests.HekathonAPITestScriptEndToEnd.baseUri(HekathonAPITestScriptEndToEnd.java:21)
at com.test.tests.HekathonAPITestScriptEndToEnd.baseUri(HekathonAPITestScriptEndToEnd.java:21)
at com.test.tests.HekathonAPITestScriptEndToEnd.baseUri(HekathonAPITestScriptEndToEnd.java:21)
at com.test.tests.HekathonAPITestScriptEndToEnd.baseUri(HekathonAPITestScriptEndToEnd.java:21)
at com.test.tests.HekathonAPITestScriptEndToEnd.baseUri(HekathonAPITestScriptEndToEnd.java:21)
at com.test.tests.HekathonAPITestScriptEndToEnd.baseUri(HekathonAPITestScriptEndToEnd.java:21)
at com.test.tests.HekathonAPITestScriptEndToEnd.baseUri(HekathonAPITestScriptEndToEnd.java:21)
at com.test.tests.HekathonAPITestScriptEndToEnd.baseUri(HekathonAPITestScriptEndToEnd.java:21)
at com.test.tests.HekathonAPITestScriptEndToEnd.baseUri(HekathonAPITestScriptEndToEnd.java:21)
at com.test.tests.HekathonAPITestScriptEndToEnd.baseUri(HekathonAPITestScriptEndToEnd.java:21)
at com.test.tests.HekathonAPITestScriptEndToEnd.baseUri(HekathonAPITestScriptEndToEnd.java:21)
at com.test.tests.HekathonAPITestScriptEndToEnd.baseUri(HekathonAPITestScriptEndToEnd.java:21)
at com.test.tests.HekathonAPITestScriptEndToEnd.baseUri(HekathonAPITestScriptEndToEnd.java:21)
at com.test.tests.HekathonAPITestScriptEndToEnd.baseUri(HekathonAPITestScriptEndToEnd.java:21)
at com.test.tests.HekathonAPITestScriptEndToEnd.baseUri(HekathonAPITestScriptEndToEnd.java:21)
at com.test.tests.HekathonAPITestScriptEndToEnd.baseUri(HekathonAPITestScriptEndToEnd.java:21)
at com.test.tests.HekathonAPITestScriptEndToEnd.baseUri(HekathonAPITestScriptEndToEnd.java:21)
at com.test.tests.HekathonAPITestScriptEndToEnd.baseUri(HekathonAPITestScriptEndToEnd.java:21)
at com.test.tests.HekathonAPITestScriptEndToEnd.baseUri(HekathonAPITestScriptEndToEnd.java:21)
at com.test.tests.HekathonAPITestScriptEndToEnd.baseUri(HekathonAPITestScriptEndToEnd.java:21)
at com.test.tests.HekathonAPITestScriptEndToEnd.baseUri(HekathonAPITestScriptEndToEnd.java:21)
at com.test.tests.HekathonAPITestScriptEndToEnd.baseUri(HekathonAPITestScriptEndToEnd.java:21)
at com.test.tests.HekathonAPITestScriptEndToEnd.baseUri(HekathonAPITestScriptEndToEnd.java:21)
at com.test.tests.HekathonAPITestScriptEndToEnd.baseUri(HekathonAPITestScriptEndToEnd.java:21)
at com.test.tests.HekathonAPITestScriptEndToEnd.baseUri(HekathonAPITestScriptEndToEnd.java:21)
at com.test.tests.HekathonAPITestScriptEndToEnd.baseUri(HekathonAPITestScriptEndToEnd.java:21)
at com.test.tests.HekathonAPITestScriptEndToEnd.baseUri(HekathonAPITestScriptEndToEnd.java:21)
at com.test.tests.HekathonAPITestScriptEndToEnd.baseUri(HekathonAPITestScriptEndToEnd.java:21)
at com.test.tests.HekathonAPITestScriptEndToEnd.baseUri(HekathonAPITestScriptEndToEnd.java:21)
at com.test.tests.HekathonAPITestScriptEndToEnd.baseUri(HekathonAPITestScriptEndToEnd.java:21)
at com.test.tests.HekathonAPITestScriptEndToEnd.baseUri(HekathonAPITestScriptEndToEnd.java:21)
at com.test.tests.HekathonAPITestScriptEndToEnd.baseUri(HekathonAPITestScriptEndToEnd.java:21)
at com.test.tests.HekathonAPITestScriptEndToEnd.baseUri(HekathonAPITestScriptEndToEnd.java:21)
at com.test.tests.HekathonAPITestScriptEndToEnd.baseUri(HekathonAPITestScriptEndToEnd.java:21)
at com.test.tests.HekathonAPITestScriptEndToEnd.baseUri(HekathonAPITestScriptEndToEnd.java:21)
at com.test.tests.HekathonAPITestScriptEndToEnd.baseUri(HekathonAPITestScriptEndToEnd.java:21)
at com.test.tests.HekathonAPITestScriptEndToEnd.baseUri(HekathonAPITestScriptEndToEnd.java:21)
at com.test.tests.HekathonAPITestScriptEndToEnd.baseUri(HekathonAPITestScriptEndToEnd.java:21)
at com.test.tests.HekathonAPITestScriptEndToEnd.baseUri(HekathonAPITestScriptEndToEnd.java:21)
at com.test.tests.HekathonAPITestScriptEndToEnd.baseUri(HekathonAPITestScriptEndToEnd.java:21)
at com.test.tests.HekathonAPITestScriptEndToEnd.baseUri(HekathonAPITestScriptEndToEnd.java:21)
at com.test.tests.HekathonAPITestScriptEndToEnd.baseUri(HekathonAPITestScriptEndToEnd.java:21)
at com.test.tests.HekathonAPITestScriptEndToEnd.baseUri(HekathonAPITestScriptEndToEnd.java:21)
at com.test.tests.HekathonAPITestScriptEndToEnd.baseUri(HekathonAPITestScriptEndToEnd.java:21)
at com.test.tests.HekathonAPITestScriptEndToEnd.baseUri(HekathonAPITestScriptEndToEnd.java:21)
at com.test.tests.HekathonAPITestScriptEndToEnd.baseUri(HekathonAPITestScriptEndToEnd.java:21)
at com.test.tests.HekathonAPITestScriptEndToEnd.baseUri(HekathonAPITestScriptEndToEnd.java:21)
at com.test.tests.HekathonAPITestScriptEndToEnd.baseUri(HekathonAPITestScriptEndToEnd.java:21)
at com.test.tests.HekathonAPITestScriptEndToEnd.baseUri(HekathonAPITestScriptEndToEnd.java:21)
at com.test.tests.HekathonAPITestScriptEndToEnd.baseUri(HekathonAPITestScriptEndToEnd.java:21)
at com.test.tests.HekathonAPITestScriptEndToEnd.baseUri(HekathonAPITestScriptEndToEnd.java:21)
at com.test.tests.HekathonAPITestScriptEndToEnd.baseUri(HekathonAPITestScriptEndToEnd.java:21)
at com.test.tests.HekathonAPITestScriptEndToEnd.baseUri(HekathonAPITestScriptEndToEnd.java:21)
at com.test.tests.HekathonAPITestScriptEndToEnd.baseUri(HekathonAPITestScriptEndToEnd.java:21)
at com.test.tests.HekathonAPITestScriptEndToEnd.baseUri(HekathonAPITestScriptEndToEnd.java:21)
at com.test.tests.HekathonAPITestScriptEndToEnd.baseUri(HekathonAPITestScriptEndToEnd.java:21)
at com.test.tests.HekathonAPITestScriptEndToEnd.baseUri(HekathonAPITestScriptEndToEnd.java:21)
at com.test.tests.HekathonAPITestScriptEndToEnd.baseUri(HekathonAPITestScriptEndToEnd.java:21)
at com.test.tests.HekathonAPITestScriptEndToEnd.baseUri(HekathonAPITestScriptEndToEnd.java:21)
at com.test.tests.HekathonAPITestScriptEndToEnd.baseUri(HekathonAPITestScriptEndToEnd.java:21)
at com.test.tests.HekathonAPITestScriptEndToEnd.baseUri(HekathonAPITestScriptEndToEnd.java:21)
at com.test.tests.HekathonAPITestScriptEndToEnd.baseUri(HekathonAPITestScriptEndToEnd.java:21)
at com.test.tests.HekathonAPITestScriptEndToEnd.baseUri(HekathonAPITestScriptEndToEnd.java:21)
at com.test.tests.HekathonAPITestScriptEndToEnd.baseUri(HekathonAPITestScriptEndToEnd.java:21)
at com.test.tests.HekathonAPITestScriptEndToEnd.baseUri(HekathonAPITestScriptEndToEnd.java:21)
at com.test.tests.HekathonAPITestScriptEndToEnd.baseUri(HekathonAPITestScriptEndToEnd.java:21)
at com.test.tests.HekathonAPITestScriptEndToEnd.baseUri(HekathonAPITestScriptEndToEnd.java:21)
at com.test.tests.HekathonAPITestScriptEndToEnd.baseUri(HekathonAPITestScriptEndToEnd.java:21)
at com.test.tests.HekathonAPITestScriptEndToEnd.baseUri(HekathonAPITestScriptEndToEnd.java:21)
at com.test.tests.HekathonAPITestScriptEndToEnd.baseUri(HekathonAPITestScriptEndToEnd.java:21)
at com.test.tests.HekathonAPITestScriptEndToEnd.baseUri(HekathonAPITestScriptEndToEnd.java:21)
at com.test.tests.HekathonAPITestScriptEndToEnd.baseUri(HekathonAPITestScriptEndToEnd.java:21)
at com.test.tests.HekathonAPITestScriptEndToEnd.baseUri(HekathonAPITestScriptEndToEnd.java:21)
at com.test.tests.HekathonAPITestScriptEndToEnd.baseUri(HekathonAPITestScriptEndToEnd.java:21)
at com.test.tests.HekathonAPITestScriptEndToEnd.baseUri(HekathonAPITestScriptEndToEnd.java:21)
at com.test.tests.HekathonAPITestScriptEndToEnd.baseUri(HekathonAPITestScriptEndToEnd.java:21)
at com.test.tests.HekathonAPITestScriptEndToEnd.baseUri(HekathonAPITestScriptEndToEnd.java:21)
at com.test.tests.HekathonAPITestScriptEndToEnd.baseUri(HekathonAPITestScriptEndToEnd.java:21)
at com.test.tests.HekathonAPITestScriptEndToEnd.baseUri(HekathonAPITestScriptEndToEnd.java:21)
at com.test.tests.HekathonAPITestScriptEndToEnd.baseUri(HekathonAPITestScriptEndToEnd.java:21)
at com.test.tests.HekathonAPITestScriptEndToEnd.baseUri(HekathonAPITestScriptEndToEnd.java:21)
at com.test.tests.HekathonAPITestScriptEndToEnd.baseUri(HekathonAPITestScriptEndToEnd.java:21)
at com.test.tests.HekathonAPITestScriptEndToEnd.baseUri(HekathonAPITestScriptEndToEnd.java:21)
at com.test.tests.HekathonAPITestScriptEndToEnd.baseUri(HekathonAPITestScriptEndToEnd.java:21)
at com.test.tests.HekathonAPITestScriptEndToEnd.baseUri(HekathonAPITestScriptEndToEnd.java:21)
at com.test.tests.HekathonAPITestScriptEndToEnd.baseUri(HekathonAPITestScriptEndToEnd.java:21)
at com.test.tests.HekathonAPITestScriptEndToEnd.baseUri(HekathonAPITestScriptEndToEnd.java:21)
at com.test.tests.HekathonAPITestScriptEndToEnd.baseUri(HekathonAPITestScriptEndToEnd.java:21)
at com.test.tests.HekathonAPITestScriptEndToEnd.baseUri(HekathonAPITestScriptEndToEnd.java:21)
at com.test.tests.HekathonAPITestScriptEndToEnd.baseUri(HekathonAPITestScriptEndToEnd.java:21)
at com.test.tests.HekathonAPITestScriptEndToEnd.baseUri(HekathonAPITestScriptEndToEnd.java:21)
at com.test.tests.HekathonAPITestScriptEndToEnd.baseUri(HekathonAPITestScriptEndToEnd.java:21)
at com.test.tests.HekathonAPITestScriptEndToEnd.baseUri(HekathonAPITestScriptEndToEnd.java:21)
at com.test.tests.HekathonAPITestScriptEndToEnd.baseUri(HekathonAPITestScriptEndToEnd.java:21)
at com.test.tests.HekathonAPITestScriptEndToEnd.baseUri(HekathonAPITestScriptEndToEnd.java:21)
at com.test.tests.HekathonAPITestScriptEndToEnd.baseUri(HekathonAPITestScriptEndToEnd.java:21)
at com.test.tests.HekathonAPITestScriptEndToEnd.baseUri(HekathonAPITestScriptEndToEnd.java:21)
at com.test.tests.HekathonAPITestScriptEndToEnd.baseUri(HekathonAPITestScriptEndToEnd.java:21)
at com.test.tests.HekathonAPITestScriptEndToEnd.baseUri(HekathonAPITestScriptEndToEnd.java:21)
at com.test.tests.HekathonAPITestScriptEndToEnd.baseUri(HekathonAPITestScriptEndToEnd.java:21)
at com.test.tests.HekathonAPITestScriptEndToEnd.baseUri(HekathonAPITestScriptEndToEnd.java:21)
at com.test.tests.HekathonAPITestScriptEndToEnd.baseUri(HekathonAPITestScriptEndToEnd.java:21)
at com.test.tests.HekathonAPITestScriptEndToEnd.baseUri(HekathonAPITestScriptEndToEnd.java:21)
at com.test.tests.HekathonAPITestScriptEndToEnd.baseUri(HekathonAPITestScriptEndToEnd.java:21)
at com.test.tests.HekathonAPITestScriptEndToEnd.baseUri(HekathonAPITestScriptEndToEnd.java:21)
at com.test.tests.HekathonAPITestScriptEndToEnd.baseUri(HekathonAPITestScriptEndToEnd.java:21)
at com.test.tests.HekathonAPITestScriptEndToEnd.baseUri(HekathonAPITestScriptEndToEnd.java:21)
at com.test.tests.HekathonAPITestScriptEndToEnd.baseUri(HekathonAPITestScriptEndToEnd.java:21)
at com.test.tests.HekathonAPITestScriptEndToEnd.baseUri(HekathonAPITestScriptEndToEnd.java:21)
at com.test.tests.HekathonAPITestScriptEndToEnd.baseUri(HekathonAPITestScriptEndToEnd.java:21)
at com.test.tests.HekathonAPITestScriptEndToEnd.baseUri(HekathonAPITestScriptEndToEnd.java:21)
at com.test.tests.HekathonAPITestScriptEndToEnd.baseUri(HekathonAPITestScriptEndToEnd.java:21)
at com.test.tests.HekathonAPITestScriptEndToEnd.baseUri(HekathonAPITestScriptEndToEnd.java:21)
at com.test.tests.HekathonAPITestScriptEndToEnd.baseUri(HekathonAPITestScriptEndToEnd.java:21)
at com.test.tests.HekathonAPITestScriptEndToEnd.baseUri(HekathonAPITestScriptEndToEnd.java:21)
at com.test.tests.HekathonAPITestScriptEndToEnd.baseUri(HekathonAPITestScriptEndToEnd.java:21)
at com.test.tests.HekathonAPITestScriptEndToEnd.baseUri(HekathonAPITestScriptEndToEnd.java:21)
at com.test.tests.HekathonAPITestScriptEndToEnd.baseUri(HekathonAPITestScriptEndToEnd.java:21)
at com.test.tests.HekathonAPITestScriptEndToEnd.baseUri(HekathonAPITestScriptEndToEnd.java:21)
at com.test.tests.HekathonAPITestScriptEndToEnd.baseUri(HekathonAPITestScriptEndToEnd.java:21)
at com.test.tests.HekathonAPITestScriptEndToEnd.baseUri(HekathonAPITestScriptEndToEnd.java:21)
at com.test.tests.HekathonAPITestScriptEndToEnd.baseUri(HekathonAPITestScriptEndToEnd.java:21)
at com.test.tests.HekathonAPITestScriptEndToEnd.baseUri(HekathonAPITestScriptEndToEnd.java:21)
at com.test.tests.HekathonAPITestScriptEndToEnd.baseUri(HekathonAPITestScriptEndToEnd.java:21)
at com.test.tests.HekathonAPITestScriptEndToEnd.baseUri(HekathonAPITestScriptEndToEnd.java:21)
at com.test.tests.HekathonAPITestScriptEndToEnd.baseUri(HekathonAPITestScriptEndToEnd.java:21)
at com.test.tests.HekathonAPITestScriptEndToEnd.baseUri(HekathonAPITestScriptEndToEnd.java:21)
at com.test.tests.HekathonAPITestScriptEndToEnd.baseUri(HekathonAPITestScriptEndToEnd.java:21)
at com.test.tests.HekathonAPITestScriptEndToEnd.baseUri(HekathonAPITestScriptEndToEnd.java:21)
at com.test.tests.HekathonAPITestScriptEndToEnd.baseUri(HekathonAPITestScriptEndToEnd.java:21)
at com.test.tests.HekathonAPITestScriptEndToEnd.baseUri(HekathonAPITestScriptEndToEnd.java:21)
at com.test.tests.HekathonAPITestScriptEndToEnd.baseUri(HekathonAPITestScriptEndToEnd.java:21)
at com.test.tests.HekathonAPITestScriptEndToEnd.baseUri(HekathonAPITestScriptEndToEnd.java:21)
at com.test.tests.HekathonAPITestScriptEndToEnd.baseUri(HekathonAPITestScriptEndToEnd.java:21)
at com.test.tests.HekathonAPITestScriptEndToEnd.baseUri(HekathonAPITestScriptEndToEnd.java:21)
at com.test.tests.HekathonAPITestScriptEndToEnd.baseUri(HekathonAPITestScriptEndToEnd.java:21)
at com.test.tests.HekathonAPITestScriptEndToEnd.baseUri(HekathonAPITestScriptEndToEnd.java:21)
at com.test.tests.HekathonAPITestScriptEndToEnd.baseUri(HekathonAPITestScriptEndToEnd.java:21)
at com.test.tests.HekathonAPITestScriptEndToEnd.baseUri(HekathonAPITestScriptEndToEnd.java:21)
at com.test.tests.HekathonAPITestScriptEndToEnd.baseUri(HekathonAPITestScriptEndToEnd.java:21)
at com.test.tests.HekathonAPITestScriptEndToEnd.baseUri(HekathonAPITestScriptEndToEnd.java:21)
at com.test.tests.HekathonAPITestScriptEndToEnd.baseUri(HekathonAPITestScriptEndToEnd.java:21)
at com.test.tests.HekathonAPITestScriptEndToEnd.baseUri(HekathonAPITestScriptEndToEnd.java:21)
at com.test.tests.HekathonAPITestScriptEndToEnd.baseUri(HekathonAPITestScriptEndToEnd.java:21)
at com.test.tests.HekathonAPITestScriptEndToEnd.baseUri(HekathonAPITestScriptEndToEnd.java:21)
at com.test.tests.HekathonAPITestScriptEndToEnd.baseUri(HekathonAPITestScriptEndToEnd.java:21)
at com.test.tests.HekathonAPITestScriptEndToEnd.baseUri(HekathonAPITestScriptEndToEnd.java:21)
at com.test.tests.HekathonAPITestScriptEndToEnd.baseUri(HekathonAPITestScriptEndToEnd.java:21)
at com.test.tests.HekathonAPITestScriptEndToEnd.baseUri(HekathonAPITestScriptEndToEnd.java:21)
at com.test.tests.HekathonAPITestScriptEndToEnd.baseUri(HekathonAPITestScriptEndToEnd.java:21)
at com.test.tests.HekathonAPITestScriptEndToEnd.baseUri(HekathonAPITestScriptEndToEnd.java:21)
at com.test.tests.HekathonAPITestScriptEndToEnd.baseUri(HekathonAPITestScriptEndToEnd.java:21)
at com.test.tests.HekathonAPITestScriptEndToEnd.baseUri(HekathonAPITestScriptEndToEnd.java:21)
at com.test.tests.HekathonAPITestScriptEndToEnd.baseUri(HekathonAPITestScriptEndToEnd.java:21)
at com.test.tests.HekathonAPITestScriptEndToEnd.baseUri(HekathonAPITestScriptEndToEnd.java:21)
at com.test.tests.HekathonAPITestScriptEndToEnd.baseUri(HekathonAPITestScriptEndToEnd.java:21)
at com.test.tests.HekathonAPITestScriptEndToEnd.baseUri(HekathonAPITestScriptEndToEnd.java:21)
at com.test.tests.HekathonAPITestScriptEndToEnd.baseUri(HekathonAPITestScriptEndToEnd.java:21)
at com.test.tests.HekathonAPITestScriptEndToEnd.baseUri(HekathonAPITestScriptEndToEnd.java:21)
at com.test.tests.HekathonAPITestScriptEndToEnd.baseUri(HekathonAPITestScriptEndToEnd.java:21)
at com.test.tests.HekathonAPITestScriptEndToEnd.baseUri(HekathonAPITestScriptEndToEnd.java:21)
at com.test.tests.HekathonAPITestScriptEndToEnd.baseUri(HekathonAPITestScriptEndToEnd.java:21)
at com.test.tests.HekathonAPITestScriptEndToEnd.baseUri(HekathonAPITestScriptEndToEnd.java:21)
at com.test.tests.HekathonAPITestScriptEndToEnd.baseUri(HekathonAPITestScriptEndToEnd.java:21)
at com.test.tests.HekathonAPITestScriptEndToEnd.baseUri(HekathonAPITestScriptEndToEnd.java:21)
at com.test.tests.HekathonAPITestScriptEndToEnd.baseUri(HekathonAPITestScriptEndToEnd.java:21)
at com.test.tests.HekathonAPITestScriptEndToEnd.baseUri(HekathonAPITestScriptEndToEnd.java:21)
at com.test.tests.HekathonAPITestScriptEndToEnd.baseUri(HekathonAPITestScriptEndToEnd.java:21)
at com.test.tests.HekathonAPITestScriptEndToEnd.baseUri(HekathonAPITestScriptEndToEnd.java:21)
at com.test.tests.HekathonAPITestScriptEndToEnd.baseUri(HekathonAPITestScriptEndToEnd.java:21)
at com.test.tests.HekathonAPITestScriptEndToEnd.baseUri(HekathonAPITestScriptEndToEnd.java:21)
at com.test.tests.HekathonAPITestScriptEndToEnd.baseUri(HekathonAPITestScriptEndToEnd.java:21)
at com.test.tests.HekathonAPITestScriptEndToEnd.baseUri(HekathonAPITestScriptEndToEnd.java:21)
at com.test.tests.HekathonAPITestScriptEndToEnd.baseUri(HekathonAPITestScriptEndToEnd.java:21)
at com.test.tests.HekathonAPITestScriptEndToEnd.baseUri(HekathonAPITestScriptEndToEnd.java:21)
at com.test.tests.HekathonAPITestScriptEndToEnd.baseUri(HekathonAPITestScriptEndToEnd.java:21)
at com.test.tests.HekathonAPITestScriptEndToEnd.baseUri(HekathonAPITestScriptEndToEnd.java:21)
at com.test.tests.HekathonAPITestScriptEndToEnd.baseUri(HekathonAPITestScriptEndToEnd.java:21)
at com.test.tests.HekathonAPITestScriptEndToEnd.baseUri(HekathonAPITestScriptEndToEnd.java:21)
at com.test.tests.HekathonAPITestScriptEndToEnd.baseUri(HekathonAPITestScriptEndToEnd.java:21)
at com.test.tests.HekathonAPITestScriptEndToEnd.baseUri(HekathonAPITestScriptEndToEnd.java:21)
at com.test.tests.HekathonAPITestScriptEndToEnd.baseUri(HekathonAPITestScriptEndToEnd.java:21)
at com.test.tests.HekathonAPITestScriptEndToEnd.baseUri(HekathonAPITestScriptEndToEnd.java:21)
at com.test.tests.HekathonAPITestScriptEndToEnd.baseUri(HekathonAPITestScriptEndToEnd.java:21)
at com.test.tests.HekathonAPITestScriptEndToEnd.baseUri(HekathonAPITestScriptEndToEnd.java:21)
at com.test.tests.HekathonAPITestScriptEndToEnd.baseUri(HekathonAPITestScriptEndToEnd.java:21)
at com.test.tests.HekathonAPITestScriptEndToEnd.baseUri(HekathonAPITestScriptEndToEnd.java:21)
at com.test.tests.HekathonAPITestScriptEndToEnd.baseUri(HekathonAPITestScriptEndToEnd.java:21)
at com.test.tests.HekathonAPITestScriptEndToEnd.baseUri(HekathonAPITestScriptEndToEnd.java:21)
at com.test.tests.HekathonAPITestScriptEndToEnd.baseUri(HekathonAPITestScriptEndToEnd.java:21)
at com.test.tests.HekathonAPITestScriptEndToEnd.baseUri(HekathonAPITestScriptEndToEnd.java:21)
at com.test.tests.HekathonAPITestScriptEndToEnd.baseUri(HekathonAPITestScriptEndToEnd.java:21)
at com.test.tests.HekathonAPITestScriptEndToEnd.baseUri(HekathonAPITestScriptEndToEnd.java:21)
at com.test.tests.HekathonAPITestScriptEndToEnd.baseUri(HekathonAPITestScriptEndToEnd.java:21)
at com.test.tests.HekathonAPITestScriptEndToEnd.baseUri(HekathonAPITestScriptEndToEnd.java:21)
at com.test.tests.HekathonAPITestScriptEndToEnd.baseUri(HekathonAPITestScriptEndToEnd.java:21)
at com.test.tests.HekathonAPITestScriptEndToEnd.baseUri(HekathonAPITestScriptEndToEnd.java:21)
at com.test.tests.HekathonAPITestScriptEndToEnd.baseUri(HekathonAPITestScriptEndToEnd.java:21)
at com.test.tests.HekathonAPITestScriptEndToEnd.baseUri(HekathonAPITestScriptEndToEnd.java:21)
at com.test.tests.HekathonAPITestScriptEndToEnd.baseUri(HekathonAPITestScriptEndToEnd.java:21)
at com.test.tests.HekathonAPITestScriptEndToEnd.baseUri(HekathonAPITestScriptEndToEnd.java:21)
at com.test.tests.HekathonAPITestScriptEndToEnd.baseUri(HekathonAPITestScriptEndToEnd.java:21)
at com.test.tests.HekathonAPITestScriptEndToEnd.baseUri(HekathonAPITestScriptEndToEnd.java:21)
at com.test.tests.HekathonAPITestScriptEndToEnd.baseUri(HekathonAPITestScriptEndToEnd.java:21)
at com.test.tests.HekathonAPITestScriptEndToEnd.baseUri(HekathonAPITestScriptEndToEnd.java:21)
at com.test.tests.HekathonAPITestScriptEndToEnd.baseUri(HekathonAPITestScriptEndToEnd.java:21)
at com.test.tests.HekathonAPITestScriptEndToEnd.baseUri(HekathonAPITestScriptEndToEnd.java:21)
at com.test.tests.HekathonAPITestScriptEndToEnd.baseUri(HekathonAPITestScriptEndToEnd.java:21)
at com.test.tests.HekathonAPITestScriptEndToEnd.baseUri(HekathonAPITestScriptEndToEnd.java:21)
at com.test.tests.HekathonAPITestScriptEndToEnd.baseUri(HekathonAPITestScriptEndToEnd.java:21)
at com.test.tests.HekathonAPITestScriptEndToEnd.baseUri(HekathonAPITestScriptEndToEnd.java:21)
at com.test.tests.HekathonAPITestScriptEndToEnd.baseUri(HekathonAPITestScriptEndToEnd.java:21)
at com.test.tests.HekathonAPITestScriptEndToEnd.baseUri(HekathonAPITestScriptEndToEnd.java:21)
at com.test.tests.HekathonAPITestScriptEndToEnd.baseUri(HekathonAPITestScriptEndToEnd.java:21)
at com.test.tests.HekathonAPITestScriptEndToEnd.baseUri(HekathonAPITestScriptEndToEnd.java:21)
at com.test.tests.HekathonAPITestScriptEndToEnd.baseUri(HekathonAPITestScriptEndToEnd.java:21)
at com.test.tests.HekathonAPITestScriptEndToEnd.baseUri(HekathonAPITestScriptEndToEnd.java:21)
at com.test.tests.HekathonAPITestScriptEndToEnd.baseUri(HekathonAPITestScriptEndToEnd.java:21)
at com.test.tests.HekathonAPITestScriptEndToEnd.baseUri(HekathonAPITestScriptEndToEnd.java:21)
at com.test.tests.HekathonAPITestScriptEndToEnd.baseUri(HekathonAPITestScriptEndToEnd.java:21)
at com.test.tests.HekathonAPITestScriptEndToEnd.baseUri(HekathonAPITestScriptEndToEnd.java:21)
at com.test.tests.HekathonAPITestScriptEndToEnd.baseUri(HekathonAPITestScriptEndToEnd.java:21)
at com.test.tests.HekathonAPITestScriptEndToEnd.baseUri(HekathonAPITestScriptEndToEnd.java:21)
at com.test.tests.HekathonAPITestScriptEndToEnd.baseUri(HekathonAPITestScriptEndToEnd.java:21)
at com.test.tests.HekathonAPITestScriptEndToEnd.baseUri(HekathonAPITestScriptEndToEnd.java:21)
at com.test.tests.HekathonAPITestScriptEndToEnd.baseUri(HekathonAPITestScriptEndToEnd.java:21)
at com.test.tests.HekathonAPITestScriptEndToEnd.baseUri(HekathonAPITestScriptEndToEnd.java:21)
at com.test.tests.HekathonAPITestScriptEndToEnd.baseUri(HekathonAPITestScriptEndToEnd.java:21)
at com.test.tests.HekathonAPITestScriptEndToEnd.baseUri(HekathonAPITestScriptEndToEnd.java:21)
at com.test.tests.HekathonAPITestScriptEndToEnd.baseUri(HekathonAPITestScriptEndToEnd.java:21)
at com.test.tests.HekathonAPITestScriptEndToEnd.baseUri(HekathonAPITestScriptEndToEnd.java:21)
at com.test.tests.HekathonAPITestScriptEndToEnd.baseUri(HekathonAPITestScriptEndToEnd.java:21)
at com.test.tests.HekathonAPITestScriptEndToEnd.baseUri(HekathonAPITestScriptEndToEnd.java:21)
at com.test.tests.HekathonAPITestScriptEndToEnd.baseUri(HekathonAPITestScriptEndToEnd.java:21)
at com.test.tests.HekathonAPITestScriptEndToEnd.baseUri(HekathonAPITestScriptEndToEnd.java:21)
at com.test.tests.HekathonAPITestScriptEndToEnd.baseUri(HekathonAPITestScriptEndToEnd.java:21)
at com.test.tests.HekathonAPITestScriptEndToEnd.baseUri(HekathonAPITestScriptEndToEnd.java:21)
at com.test.tests.HekathonAPITestScriptEndToEnd.baseUri(HekathonAPITestScriptEndToEnd.java:21)
at com.test.tests.HekathonAPITestScriptEndToEnd.baseUri(HekathonAPITestScriptEndToEnd.java:21)
at com.test.tests.HekathonAPITestScriptEndToEnd.baseUri(HekathonAPITestScriptEndToEnd.java:21)
at com.test.tests.HekathonAPITestScriptEndToEnd.baseUri(HekathonAPITestScriptEndToEnd.java:21)
at com.test.tests.HekathonAPITestScriptEndToEnd.baseUri(HekathonAPITestScriptEndToEnd.java:21)
at com.test.tests.HekathonAPITestScriptEndToEnd.baseUri(HekathonAPITestScriptEndToEnd.java:21)
at com.test.tests.HekathonAPITestScriptEndToEnd.baseUri(HekathonAPITestScriptEndToEnd.java:21)
at com.test.tests.HekathonAPITestScriptEndToEnd.baseUri(HekathonAPITestScriptEndToEnd.java:21)
at com.test.tests.HekathonAPITestScriptEndToEnd.baseUri(HekathonAPITestScriptEndToEnd.java:21)
at com.test.tests.HekathonAPITestScriptEndToEnd.baseUri(HekathonAPITestScriptEndToEnd.java:21)
at com.test.tests.HekathonAPITestScriptEndToEnd.baseUri(HekathonAPITestScriptEndToEnd.java:21)
at com.test.tests.HekathonAPITestScriptEndToEnd.baseUri(HekathonAPITestScriptEndToEnd.java:21)
at com.test.tests.HekathonAPITestScriptEndToEnd.baseUri(HekathonAPITestScriptEndToEnd.java:21)
at com.test.tests.HekathonAPITestScriptEndToEnd.baseUri(HekathonAPITestScriptEndToEnd.java:21)
at com.test.tests.HekathonAPITestScriptEndToEnd.baseUri(HekathonAPITestScriptEndToEnd.java:21)
at com.test.tests.HekathonAPITestScriptEndToEnd.baseUri(HekathonAPITestScriptEndToEnd.java:21)
at com.test.tests.HekathonAPITestScriptEndToEnd.baseUri(HekathonAPITestScriptEndToEnd.java:21)
at com.test.tests.HekathonAPITestScriptEndToEnd.baseUri(HekathonAPITestScriptEndToEnd.java:21)
at com.test.tests.HekathonAPITestScriptEndToEnd.baseUri(HekathonAPITestScriptEndToEnd.java:21)
at com.test.tests.HekathonAPITestScriptEndToEnd.baseUri(HekathonAPITestScriptEndToEnd.java:21)
at com.test.tests.HekathonAPITestScriptEndToEnd.baseUri(HekathonAPITestScriptEndToEnd.java:21)
at com.test.tests.HekathonAPITestScriptEndToEnd.baseUri(HekathonAPITestScriptEndToEnd.java:21)
at com.test.tests.HekathonAPITestScriptEndToEnd.baseUri(HekathonAPITestScriptEndToEnd.java:21)
at com.test.tests.HekathonAPITestScriptEndToEnd.baseUri(HekathonAPITestScriptEndToEnd.java:21)
at com.test.tests.HekathonAPITestScriptEndToEnd.baseUri(HekathonAPITestScriptEndToEnd.java:21)
at com.test.tests.HekathonAPITestScriptEndToEnd.baseUri(HekathonAPITestScriptEndToEnd.java:21)
at com.test.tests.HekathonAPITestScriptEndToEnd.baseUri(HekathonAPITestScriptEndToEnd.java:21)
at com.test.tests.HekathonAPITestScriptEndToEnd.baseUri(HekathonAPITestScriptEndToEnd.java:21)
at com.test.tests.HekathonAPITestScriptEndToEnd.baseUri(HekathonAPITestScriptEndToEnd.java:21)
at com.test.tests.HekathonAPITestScriptEndToEnd.baseUri(HekathonAPITestScriptEndToEnd.java:21)
at com.test.tests.HekathonAPITestScriptEndToEnd.baseUri(HekathonAPITestScriptEndToEnd.java:21)
at com.test.tests.HekathonAPITestScriptEndToEnd.baseUri(HekathonAPITestScriptEndToEnd.java:21)
at com.test.tests.HekathonAPITestScriptEndToEnd.baseUri(HekathonAPITestScriptEndToEnd.java:21)
at com.test.tests.HekathonAPITestScriptEndToEnd.baseUri(HekathonAPITestScriptEndToEnd.java:21)
at com.test.tests.HekathonAPITestScriptEndToEnd.baseUri(HekathonAPITestScriptEndToEnd.java:21)
at com.test.tests.HekathonAPITestScriptEndToEnd.baseUri(HekathonAPITestScriptEndToEnd.java:21)
at com.test.tests.HekathonAPITestScriptEndToEnd.baseUri(HekathonAPITestScriptEndToEnd.java:21)
at com.test.tests.HekathonAPITestScriptEndToEnd.baseUri(HekathonAPITestScriptEndToEnd.java:21)
at com.test.tests.HekathonAPITestScriptEndToEnd.baseUri(HekathonAPITestScriptEndToEnd.java:21)
at com.test.tests.HekathonAPITestScriptEndToEnd.baseUri(HekathonAPITestScriptEndToEnd.java:21)
at com.test.tests.HekathonAPITestScriptEndToEnd.baseUri(HekathonAPITestScriptEndToEnd.java:21)
at com.test.tests.HekathonAPITestScriptEndToEnd.baseUri(HekathonAPITestScriptEndToEnd.java:21)
at com.test.tests.HekathonAPITestScriptEndToEnd.baseUri(HekathonAPITestScriptEndToEnd.java:21)
at com.test.tests.HekathonAPITestScriptEndToEnd.baseUri(HekathonAPITestScriptEndToEnd.java:21)
at com.test.tests.HekathonAPITestScriptEndToEnd.baseUri(HekathonAPITestScriptEndToEnd.java:21)
at com.test.tests.HekathonAPITestScriptEndToEnd.baseUri(HekathonAPITestScriptEndToEnd.java:21)
at com.test.tests.HekathonAPITestScriptEndToEnd.baseUri(HekathonAPITestScriptEndToEnd.java:21)
at com.test.tests.HekathonAPITestScriptEndToEnd.baseUri(HekathonAPITestScriptEndToEnd.java:21)
at com.test.tests.HekathonAPITestScriptEndToEnd.baseUri(HekathonAPITestScriptEndToEnd.java:21)
at com.test.tests.HekathonAPITestScriptEndToEnd.baseUri(HekathonAPITestScriptEndToEnd.java:21)
at com.test.tests.HekathonAPITestScriptEndToEnd.baseUri(HekathonAPITestScriptEndToEnd.java:21)
at com.test.tests.HekathonAPITestScriptEndToEnd.baseUri(HekathonAPITestScriptEndToEnd.java:21)
at com.test.tests.HekathonAPITestScriptEndToEnd.baseUri(HekathonAPITestScriptEndToEnd.java:21)
at com.test.tests.HekathonAPITestScriptEndToEnd.baseUri(HekathonAPITestScriptEndToEnd.java:21)
at com.test.tests.HekathonAPITestScriptEndToEnd.baseUri(HekathonAPITestScriptEndToEnd.java:21)
at com.test.tests.HekathonAPITestScriptEndToEnd.baseUri(HekathonAPITestScriptEndToEnd.java:21)
at com.test.tests.HekathonAPITestScriptEndToEnd.baseUri(HekathonAPITestScriptEndToEnd.java:21)
at com.test.tests.HekathonAPITestScriptEndToEnd.baseUri(HekathonAPITestScriptEndToEnd.java:21)
at com.test.tests.HekathonAPITestScriptEndToEnd.baseUri(HekathonAPITestScriptEndToEnd.java:21)
at com.test.tests.HekathonAPITestScriptEndToEnd.baseUri(HekathonAPITestScriptEndToEnd.java:21)
at com.test.tests.HekathonAPITestScriptEndToEnd.baseUri(HekathonAPITestScriptEndToEnd.java:21)
at com.test.tests.HekathonAPITestScriptEndToEnd.baseUri(HekathonAPITestScriptEndToEnd.java:21)
at com.test.tests.HekathonAPITestScriptEndToEnd.baseUri(HekathonAPITestScriptEndToEnd.java:21)
at com.test.tests.HekathonAPITestScriptEndToEnd.baseUri(HekathonAPITestScriptEndToEnd.java:21)
at com.test.tests.HekathonAPITestScriptEndToEnd.baseUri(HekathonAPITestScriptEndToEnd.java:21)
at com.test.tests.HekathonAPITestScriptEndToEnd.baseUri(HekathonAPITestScriptEndToEnd.java:21)
at com.test.tests.HekathonAPITestScriptEndToEnd.baseUri(HekathonAPITestScriptEndToEnd.java:21)
at com.test.tests.HekathonAPITestScriptEndToEnd.baseUri(HekathonAPITestScriptEndToEnd.java:21)
at com.test.tests.HekathonAPITestScriptEndToEnd.baseUri(HekathonAPITestScriptEndToEnd.java:21)
at com.test.tests.HekathonAPITestScriptEndToEnd.baseUri(HekathonAPITestScriptEndToEnd.java:21)
at com.test.tests.HekathonAPITestScriptEndToEnd.baseUri(HekathonAPITestScriptEndToEnd.java:21)
at com.test.tests.HekathonAPITestScriptEndToEnd.baseUri(HekathonAPITestScriptEndToEnd.java:21)
at com.test.tests.HekathonAPITestScriptEndToEnd.baseUri(HekathonAPITestScriptEndToEnd.java:21)
at com.test.tests.HekathonAPITestScriptEndToEnd.baseUri(HekathonAPITestScriptEndToEnd.java:21)
at com.test.tests.HekathonAPITestScriptEndToEnd.baseUri(HekathonAPITestScriptEndToEnd.java:21)
at com.test.tests.HekathonAPITestScriptEndToEnd.baseUri(HekathonAPITestScriptEndToEnd.java:21)
at com.test.tests.HekathonAPITestScriptEndToEnd.baseUri(HekathonAPITestScriptEndToEnd.java:21)
at com.test.tests.HekathonAPITestScriptEndToEnd.baseUri(HekathonAPITestScriptEndToEnd.java:21)
at com.test.tests.HekathonAPITestScriptEndToEnd.baseUri(HekathonAPITestScriptEndToEnd.java:21)
at com.test.tests.HekathonAPITestScriptEndToEnd.baseUri(HekathonAPITestScriptEndToEnd.java:21)
at com.test.tests.HekathonAPITestScriptEndToEnd.baseUri(HekathonAPITestScriptEndToEnd.java:21)
at com.test.tests.HekathonAPITestScriptEndToEnd.baseUri(HekathonAPITestScriptEndToEnd.java:21)
at com.test.tests.HekathonAPITestScriptEndToEnd.baseUri(HekathonAPITestScriptEndToEnd.java:21)
at com.test.tests.HekathonAPITestScriptEndToEnd.baseUri(HekathonAPITestScriptEndToEnd.java:21)
at com.test.tests.HekathonAPITestScriptEndToEnd.baseUri(HekathonAPITestScriptEndToEnd.java:21)
at com.test.tests.HekathonAPITestScriptEndToEnd.baseUri(HekathonAPITestScriptEndToEnd.java:21)
at com.test.tests.HekathonAPITestScriptEndToEnd.baseUri(HekathonAPITestScriptEndToEnd.java:21)
at com.test.tests.HekathonAPITestScriptEndToEnd.baseUri(HekathonAPITestScriptEndToEnd.java:21)
at com.test.tests.HekathonAPITestScriptEndToEnd.baseUri(HekathonAPITestScriptEndToEnd.java:21)
at com.test.tests.HekathonAPITestScriptEndToEnd.baseUri(HekathonAPITestScriptEndToEnd.java:21)
at com.test.tests.HekathonAPITestScriptEndToEnd.baseUri(HekathonAPITestScriptEndToEnd.java:21)
at com.test.tests.HekathonAPITestScriptEndToEnd.baseUri(HekathonAPITestScriptEndToEnd.java:21)
at com.test.tests.HekathonAPITestScriptEndToEnd.baseUri(HekathonAPITestScriptEndToEnd.java:21)
at com.test.tests.HekathonAPITestScriptEndToEnd.baseUri(HekathonAPITestScriptEndToEnd.java:21)
at com.test.tests.HekathonAPITestScriptEndToEnd.baseUri(HekathonAPITestScriptEndToEnd.java:21)
at com.test.tests.HekathonAPITestScriptEndToEnd.baseUri(HekathonAPITestScriptEndToEnd.java:21)
at com.test.tests.HekathonAPITestScriptEndToEnd.baseUri(HekathonAPITestScriptEndToEnd.java:21)
at com.test.tests.HekathonAPITestScriptEndToEnd.baseUri(HekathonAPITestScriptEndToEnd.java:21)
at com.test.tests.HekathonAPITestScriptEndToEnd.baseUri(HekathonAPITestScriptEndToEnd.java:21)
at com.test.tests.HekathonAPITestScriptEndToEnd.baseUri(HekathonAPITestScriptEndToEnd.java:21)
at com.test.tests.HekathonAPITestScriptEndToEnd.baseUri(HekathonAPITestScriptEndToEnd.java:21)
at com.test.tests.HekathonAPITestScriptEndToEnd.baseUri(HekathonAPITestScriptEndToEnd.java:21)
at com.test.tests.HekathonAPITestScriptEndToEnd.baseUri(HekathonAPITestScriptEndToEnd.java:21)
at com.test.tests.HekathonAPITestScriptEndToEnd.baseUri(HekathonAPITestScriptEndToEnd.java:21)
at com.test.tests.HekathonAPITestScriptEndToEnd.baseUri(HekathonAPITestScriptEndToEnd.java:21)
at com.test.tests.HekathonAPITestScriptEndToEnd.baseUri(HekathonAPITestScriptEndToEnd.java:21)
at com.test.tests.HekathonAPITestScriptEndToEnd.baseUri(HekathonAPITestScriptEndToEnd.java:21)
at com.test.tests.HekathonAPITestScriptEndToEnd.baseUri(HekathonAPITestScriptEndToEnd.java:21)
at com.test.tests.HekathonAPITestScriptEndToEnd.baseUri(HekathonAPITestScriptEndToEnd.java:21)
at com.test.tests.HekathonAPITestScriptEndToEnd.baseUri(HekathonAPITestScriptEndToEnd.java:21)
at com.test.tests.HekathonAPITestScriptEndToEnd.baseUri(HekathonAPITestScriptEndToEnd.java:21)
at com.test.tests.HekathonAPITestScriptEndToEnd.baseUri(HekathonAPITestScriptEndToEnd.java:21)
at com.test.tests.HekathonAPITestScriptEndToEnd.baseUri(HekathonAPITestScriptEndToEnd.java:21)
at com.test.tests.HekathonAPITestScriptEndToEnd.baseUri(HekathonAPITestScriptEndToEnd.java:21)
at com.test.tests.HekathonAPITestScriptEndToEnd.baseUri(HekathonAPITestScriptEndToEnd.java:21)
at com.test.tests.HekathonAPITestScriptEndToEnd.baseUri(HekathonAPITestScriptEndToEnd.java:21)
at com.test.tests.HekathonAPITestScriptEndToEnd.baseUri(HekathonAPITestScriptEndToEnd.java:21)
at com.test.tests.HekathonAPITestScriptEndToEnd.baseUri(HekathonAPITestScriptEndToEnd.java:21)
at com.test.tests.HekathonAPITestScriptEndToEnd.baseUri(HekathonAPITestScriptEndToEnd.java:21)
at com.test.tests.HekathonAPITestScriptEndToEnd.baseUri(HekathonAPITestScriptEndToEnd.java:21)
at com.test.tests.HekathonAPITestScriptEndToEnd.baseUri(HekathonAPITestScriptEndToEnd.java:21)
at com.test.tests.HekathonAPITestScriptEndToEnd.baseUri(HekathonAPITestScriptEndToEnd.java:21)
at com.test.tests.HekathonAPITestScriptEndToEnd.baseUri(HekathonAPITestScriptEndToEnd.java:21)
at com.test.tests.HekathonAPITestScriptEndToEnd.baseUri(HekathonAPITestScriptEndToEnd.java:21)
at com.test.tests.HekathonAPITestScriptEndToEnd.baseUri(HekathonAPITestScriptEndToEnd.java:21)
at com.test.tests.HekathonAPITestScriptEndToEnd.baseUri(HekathonAPITestScriptEndToEnd.java:21)
at com.test.tests.HekathonAPITestScriptEndToEnd.baseUri(HekathonAPITestScriptEndToEnd.java:21)
at com.test.tests.HekathonAPITestScriptEndToEnd.baseUri(HekathonAPITestScriptEndToEnd.java:21)
at com.test.tests.HekathonAPITestScriptEndToEnd.baseUri(HekathonAPITestScriptEndToEnd.java:21)
at com.test.tests.HekathonAPITestScriptEndToEnd.baseUri(HekathonAPITestScriptEndToEnd.java:21)
at com.test.tests.HekathonAPITestScriptEndToEnd.baseUri(HekathonAPITestScriptEndToEnd.java:21)
at com.test.tests.HekathonAPITestScriptEndToEnd.baseUri(HekathonAPITestScriptEndToEnd.java:21)
at com.test.tests.HekathonAPITestScriptEndToEnd.baseUri(HekathonAPITestScriptEndToEnd.java:21)
at com.test.tests.HekathonAPITestScriptEndToEnd.baseUri(HekathonAPITestScriptEndToEnd.java:21)
at com.test.tests.HekathonAPITestScriptEndToEnd.baseUri(HekathonAPITestScriptEndToEnd.java:21)
at com.test.tests.HekathonAPITestScriptEndToEnd.baseUri(HekathonAPITestScriptEndToEnd.java:21)
at com.test.tests.HekathonAPITestScriptEndToEnd.baseUri(HekathonAPITestScriptEndToEnd.java:21)
at com.test.tests.HekathonAPITestScriptEndToEnd.baseUri(HekathonAPITestScriptEndToEnd.java:21)
at com.test.tests.HekathonAPITestScriptEndToEnd.baseUri(HekathonAPITestScriptEndToEnd.java:21)
at com.test.tests.HekathonAPITestScriptEndToEnd.baseUri(HekathonAPITestScriptEndToEnd.java:21)
at com.test.tests.HekathonAPITestScriptEndToEnd.baseUri(HekathonAPITestScriptEndToEnd.java:21)
at com.test.tests.HekathonAPITestScriptEndToEnd.baseUri(HekathonAPITestScriptEndToEnd.java:21)
at com.test.tests.HekathonAPITestScriptEndToEnd.baseUri(HekathonAPITestScriptEndToEnd.java:21)
at com.test.tests.HekathonAPITestScriptEndToEnd.baseUri(HekathonAPITestScriptEndToEnd.java:21)
at com.test.tests.HekathonAPITestScriptEndToEnd.baseUri(HekathonAPITestScriptEndToEnd.java:21)
at com.test.tests.HekathonAPITestScriptEndToEnd.baseUri(HekathonAPITestScriptEndToEnd.java:21)
at com.test.tests.HekathonAPITestScriptEndToEnd.baseUri(HekathonAPITestScriptEndToEnd.java:21)
at com.test.tests.HekathonAPITestScriptEndToEnd.baseUri(HekathonAPITestScriptEndToEnd.java:21)
at com.test.tests.HekathonAPITestScriptEndToEnd.baseUri(HekathonAPITestScriptEndToEnd.java:21)
at com.test.tests.HekathonAPITestScriptEndToEnd.baseUri(HekathonAPITestScriptEndToEnd.java:21)
at com.test.tests.HekathonAPITestScriptEndToEnd.baseUri(HekathonAPITestScriptEndToEnd.java:21)
at com.test.tests.HekathonAPITestScriptEndToEnd.baseUri(HekathonAPITestScriptEndToEnd.java:21)
at com.test.tests.HekathonAPITestScriptEndToEnd.baseUri(HekathonAPITestScriptEndToEnd.java:21)
at com.test.tests.HekathonAPITestScriptEndToEnd.baseUri(HekathonAPITestScriptEndToEnd.java:21)
at com.test.tests.HekathonAPITestScriptEndToEnd.baseUri(HekathonAPITestScriptEndToEnd.java:21)
at com.test.tests.HekathonAPITestScriptEndToEnd.baseUri(HekathonAPITestScriptEndToEnd.java:21)
at com.test.tests.HekathonAPITestScriptEndToEnd.baseUri(HekathonAPITestScriptEndToEnd.java:21)
at com.test.tests.HekathonAPITestScriptEndToEnd.baseUri(HekathonAPITestScriptEndToEnd.java:21)
at com.test.tests.HekathonAPITestScriptEndToEnd.baseUri(HekathonAPITestScriptEndToEnd.java:21)
at com.test.tests.HekathonAPITestScriptEndToEnd.baseUri(HekathonAPITestScriptEndToEnd.java:21)
at com.test.tests.HekathonAPITestScriptEndToEnd.baseUri(HekathonAPITestScriptEndToEnd.java:21)
at com.test.tests.HekathonAPITestScriptEndToEnd.baseUri(HekathonAPITestScriptEndToEnd.java:21)
at com.test.tests.HekathonAPITestScriptEndToEnd.baseUri(HekathonAPITestScriptEndToEnd.java:21)
at com.test.tests.HekathonAPITestScriptEndToEnd.baseUri(HekathonAPITestScriptEndToEnd.java:21)
at com.test.tests.HekathonAPITestScriptEndToEnd.baseUri(HekathonAPITestScriptEndToEnd.java:21)
at com.test.tests.HekathonAPITestScriptEndToEnd.baseUri(HekathonAPITestScriptEndToEnd.java:21)
at com.test.tests.HekathonAPITestScriptEndToEnd.baseUri(HekathonAPITestScriptEndToEnd.java:21)
at com.test.tests.HekathonAPITestScriptEndToEnd.baseUri(HekathonAPITestScriptEndToEnd.java:21)
at com.test.tests.HekathonAPITestScriptEndToEnd.baseUri(HekathonAPITestScriptEndToEnd.java:21)
at com.test.tests.HekathonAPITestScriptEndToEnd.baseUri(HekathonAPITestScriptEndToEnd.java:21)
at com.test.tests.HekathonAPITestScriptEndToEnd.baseUri(HekathonAPITestScriptEndToEnd.java:21)
at com.test.tests.HekathonAPITestScriptEndToEnd.baseUri(HekathonAPITestScriptEndToEnd.java:21)
at com.test.tests.HekathonAPITestScriptEndToEnd.baseUri(HekathonAPITestScriptEndToEnd.java:21)
at com.test.tests.HekathonAPITestScriptEndToEnd.baseUri(HekathonAPITestScriptEndToEnd.java:21)
at com.test.tests.HekathonAPITestScriptEndToEnd.baseUri(HekathonAPITestScriptEndToEnd.java:21)
at com.test.tests.HekathonAPITestScriptEndToEnd.baseUri(HekathonAPITestScriptEndToEnd.java:21)
at com.test.tests.HekathonAPITestScriptEndToEnd.baseUri(HekathonAPITestScriptEndToEnd.java:21)
at com.test.tests.HekathonAPITestScriptEndToEnd.baseUri(HekathonAPITestScriptEndToEnd.java:21)
at com.test.tests.HekathonAPITestScriptEndToEnd.baseUri(HekathonAPITestScriptEndToEnd.java:21)
at com.test.tests.HekathonAPITestScriptEndToEnd.baseUri(HekathonAPITestScriptEndToEnd.java:21)
at com.test.tests.HekathonAPITestScriptEndToEnd.baseUri(HekathonAPITestScriptEndToEnd.java:21)
at com.test.tests.HekathonAPITestScriptEndToEnd.baseUri(HekathonAPITestScriptEndToEnd.java:21)
at com.test.tests.HekathonAPITestScriptEndToEnd.baseUri(HekathonAPITestScriptEndToEnd.java:21)
at com.test.tests.HekathonAPITestScriptEndToEnd.baseUri(HekathonAPITestScriptEndToEnd.java:21)
at com.test.tests.HekathonAPITestScriptEndToEnd.baseUri(HekathonAPITestScriptEndToEnd.java:21)
at com.test.tests.HekathonAPITestScriptEndToEnd.baseUri(HekathonAPITestScriptEndToEnd.java:21)
at com.test.tests.HekathonAPITestScriptEndToEnd.baseUri(HekathonAPITestScriptEndToEnd.java:21)
at com.test.tests.HekathonAPITestScriptEndToEnd.baseUri(HekathonAPITestScriptEndToEnd.java:21)
at com.test.tests.HekathonAPITestScriptEndToEnd.baseUri(HekathonAPITestScriptEndToEnd.java:21)
at com.test.tests.HekathonAPITestScriptEndToEnd.baseUri(HekathonAPITestScriptEndToEnd.java:21)
at com.test.tests.HekathonAPITestScriptEndToEnd.baseUri(HekathonAPITestScriptEndToEnd.java:21)
at com.test.tests.HekathonAPITestScriptEndToEnd.baseUri(HekathonAPITestScriptEndToEnd.java:21)
at com.test.tests.HekathonAPITestScriptEndToEnd.baseUri(HekathonAPITestScriptEndToEnd.java:21)
at com.test.tests.HekathonAPITestScriptEndToEnd.baseUri(HekathonAPITestScriptEndToEnd.java:21)
at com.test.tests.HekathonAPITestScriptEndToEnd.baseUri(HekathonAPITestScriptEndToEnd.java:21)
at com.test.tests.HekathonAPITestScriptEndToEnd.baseUri(HekathonAPITestScriptEndToEnd.java:21)
at com.test.tests.HekathonAPITestScriptEndToEnd.baseUri(HekathonAPITestScriptEndToEnd.java:21)
at com.test.tests.HekathonAPITestScriptEndToEnd.baseUri(HekathonAPITestScriptEndToEnd.java:21)
at com.test.tests.HekathonAPITestScriptEndToEnd.baseUri(HekathonAPITestScriptEndToEnd.java:21)
at com.test.tests.HekathonAPITestScriptEndToEnd.baseUri(HekathonAPITestScriptEndToEnd.java:21)
at com.test.tests.HekathonAPITestScriptEndToEnd.baseUri(HekathonAPITestScriptEndToEnd.java:21)
at com.test.tests.HekathonAPITestScriptEndToEnd.baseUri(HekathonAPITestScriptEndToEnd.java:21)
at com.test.tests.HekathonAPITestScriptEndToEnd.baseUri(HekathonAPITestScriptEndToEnd.java:21)
at com.test.tests.HekathonAPITestScriptEndToEnd.baseUri(HekathonAPITestScriptEndToEnd.java:21)
at com.test.tests.HekathonAPITestScriptEndToEnd.baseUri(HekathonAPITestScriptEndToEnd.java:21)
at com.test.tests.HekathonAPITestScriptEndToEnd.baseUri(HekathonAPITestScriptEndToEnd.java:21)
at com.test.tests.HekathonAPITestScriptEndToEnd.baseUri(HekathonAPITestScriptEndToEnd.java:21)
at com.test.tests.HekathonAPITestScriptEndToEnd.baseUri(HekathonAPITestScriptEndToEnd.java:21)
at com.test.tests.HekathonAPITestScriptEndToEnd.baseUri(HekathonAPITestScriptEndToEnd.java:21)
at com.test.tests.HekathonAPITestScriptEndToEnd.baseUri(HekathonAPITestScriptEndToEnd.java:21)
at com.test.tests.HekathonAPITestScriptEndToEnd.baseUri(HekathonAPITestScriptEndToEnd.java:21)
at com.test.tests.HekathonAPITestScriptEndToEnd.baseUri(HekathonAPITestScriptEndToEnd.java:21)
at com.test.tests.HekathonAPITestScriptEndToEnd.baseUri(HekathonAPITestScriptEndToEnd.java:21)
at com.test.tests.HekathonAPITestScriptEndToEnd.baseUri(HekathonAPITestScriptEndToEnd.java:21)
at com.test.tests.HekathonAPITestScriptEndToEnd.baseUri(HekathonAPITestScriptEndToEnd.java:21)
at com.test.tests.HekathonAPITestScriptEndToEnd.baseUri(HekathonAPITestScriptEndToEnd.java:21)
at com.test.tests.HekathonAPITestScriptEndToEnd.baseUri(HekathonAPITestScriptEndToEnd.java:21)
at com.test.tests.HekathonAPITestScriptEndToEnd.baseUri(HekathonAPITestScriptEndToEnd.java:21)
at com.test.tests.HekathonAPITestScriptEndToEnd.baseUri(HekathonAPITestScriptEndToEnd.java:21)
at com.test.tests.HekathonAPITestScriptEndToEnd.baseUri(HekathonAPITestScriptEndToEnd.java:21)
at com.test.tests.HekathonAPITestScriptEndToEnd.baseUri(HekathonAPITestScriptEndToEnd.java:21)
at com.test.tests.HekathonAPITestScriptEndToEnd.baseUri(HekathonAPITestScriptEndToEnd.java:21)
at com.test.tests.HekathonAPITestScriptEndToEnd.baseUri(HekathonAPITestScriptEndToEnd.java:21)
at com.test.tests.HekathonAPITestScriptEndToEnd.baseUri(HekathonAPITestScriptEndToEnd.java:21)
at com.test.tests.HekathonAPITestScriptEndToEnd.baseUri(HekathonAPITestScriptEndToEnd.java:21)
at com.test.tests.HekathonAPITestScriptEndToEnd.baseUri(HekathonAPITestScriptEndToEnd.java:21)
at com.test.tests.HekathonAPITestScriptEndToEnd.baseUri(HekathonAPITestScriptEndToEnd.java:21)
at com.test.tests.HekathonAPITestScriptEndToEnd.baseUri(HekathonAPITestScriptEndToEnd.java:21)
at com.test.tests.HekathonAPITestScriptEndToEnd.baseUri(HekathonAPITestScriptEndToEnd.java:21)
at com.test.tests.HekathonAPITestScriptEndToEnd.baseUri(HekathonAPITestScriptEndToEnd.java:21)
at com.test.tests.HekathonAPITestScriptEndToEnd.baseUri(HekathonAPITestScriptEndToEnd.java:21)
at com.test.tests.HekathonAPITestScriptEndToEnd.baseUri(HekathonAPITestScriptEndToEnd.java:21)
at com.test.tests.HekathonAPITestScriptEndToEnd.baseUri(HekathonAPITestScriptEndToEnd.java:21)
at com.test.tests.HekathonAPITestScriptEndToEnd.baseUri(HekathonAPITestScriptEndToEnd.java:21)
at com.test.tests.HekathonAPITestScriptEndToEnd.baseUri(HekathonAPITestScriptEndToEnd.java:21)
at com.test.tests.HekathonAPITestScriptEndToEnd.baseUri(HekathonAPITestScriptEndToEnd.java:21)
at com.test.tests.HekathonAPITestScriptEndToEnd.baseUri(HekathonAPITestScriptEndToEnd.java:21)
at com.test.tests.HekathonAPITestScriptEndToEnd.baseUri(HekathonAPITestScriptEndToEnd.java:21)
at com.test.tests.HekathonAPITestScriptEndToEnd.baseUri(HekathonAPITestScriptEndToEnd.java:21)
at com.test.tests.HekathonAPITestScriptEndToEnd.baseUri(HekathonAPITestScriptEndToEnd.java:21)
at com.test.tests.HekathonAPITestScriptEndToEnd.baseUri(HekathonAPITestScriptEndToEnd.java:21)
at com.test.tests.HekathonAPITestScriptEndToEnd.baseUri(HekathonAPITestScriptEndToEnd.java:21)
at com.test.tests.HekathonAPITestScriptEndToEnd.baseUri(HekathonAPITestScriptEndToEnd.java:21)
at com.test.tests.HekathonAPITestScriptEndToEnd.baseUri(HekathonAPITestScriptEndToEnd.java:21)
at com.test.tests.HekathonAPITestScriptEndToEnd.baseUri(HekathonAPITestScriptEndToEnd.java:21)
at com.test.tests.HekathonAPITestScriptEndToEnd.baseUri(HekathonAPITestScriptEndToEnd.java:21)
at com.test.tests.HekathonAPITestScriptEndToEnd.baseUri(HekathonAPITestScriptEndToEnd.java:21)
at com.test.tests.HekathonAPITestScriptEndToEnd.baseUri(HekathonAPITestScriptEndToEnd.java:21)
at com.test.tests.HekathonAPITestScriptEndToEnd.baseUri(HekathonAPITestScriptEndToEnd.java:21)
at com.test.tests.HekathonAPITestScriptEndToEnd.baseUri(HekathonAPITestScriptEndToEnd.java:21)
at com.test.tests.HekathonAPITestScriptEndToEnd.baseUri(HekathonAPITestScriptEndToEnd.java:21)
at com.test.tests.HekathonAPITestScriptEndToEnd.baseUri(HekathonAPITestScriptEndToEnd.java:21)
at com.test.tests.HekathonAPITestScriptEndToEnd.baseUri(HekathonAPITestScriptEndToEnd.java:21)
at com.test.tests.HekathonAPITestScriptEndToEnd.baseUri(HekathonAPITestScriptEndToEnd.java:21)
at com.test.tests.HekathonAPITestScriptEndToEnd.baseUri(HekathonAPITestScriptEndToEnd.java:21)
at com.test.tests.HekathonAPITestScriptEndToEnd.baseUri(HekathonAPITestScriptEndToEnd.java:21)
at com.test.tests.HekathonAPITestScriptEndToEnd.baseUri(HekathonAPITestScriptEndToEnd.java:21)
at com.test.tests.HekathonAPITestScriptEndToEnd.baseUri(HekathonAPITestScriptEndToEnd.java:21)
at com.test.tests.HekathonAPITestScriptEndToEnd.baseUri(HekathonAPITestScriptEndToEnd.java:21)
at com.test.tests.HekathonAPITestScriptEndToEnd.baseUri(HekathonAPITestScriptEndToEnd.java:21)
at com.test.tests.HekathonAPITestScriptEndToEnd.baseUri(HekathonAPITestScriptEndToEnd.java:21)
at com.test.tests.HekathonAPITestScriptEndToEnd.baseUri(HekathonAPITestScriptEndToEnd.java:21)
at com.test.tests.HekathonAPITestScriptEndToEnd.baseUri(HekathonAPITestScriptEndToEnd.java:21)
at com.test.tests.HekathonAPITestScriptEndToEnd.baseUri(HekathonAPITestScriptEndToEnd.java:21)
at com.test.tests.HekathonAPITestScriptEndToEnd.baseUri(HekathonAPITestScriptEndToEnd.java:21)
at com.test.tests.HekathonAPITestScriptEndToEnd.baseUri(HekathonAPITestScriptEndToEnd.java:21)
at com.test.tests.HekathonAPITestScriptEndToEnd.baseUri(HekathonAPITestScriptEndToEnd.java:21)
at com.test.tests.HekathonAPITestScriptEndToEnd.baseUri(HekathonAPITestScriptEndToEnd.java:21)
at com.test.tests.HekathonAPITestScriptEndToEnd.baseUri(HekathonAPITestScriptEndToEnd.java:21)
at com.test.tests.HekathonAPITestScriptEndToEnd.baseUri(HekathonAPITestScriptEndToEnd.java:21)
at com.test.tests.HekathonAPITestScriptEndToEnd.baseUri(HekathonAPITestScriptEndToEnd.java:21)
at com.test.tests.HekathonAPITestScriptEndToEnd.baseUri(HekathonAPITestScriptEndToEnd.java:21)
at com.test.tests.HekathonAPITestScriptEndToEnd.baseUri(HekathonAPITestScriptEndToEnd.java:21)
at com.test.tests.HekathonAPITestScriptEndToEnd.baseUri(HekathonAPITestScriptEndToEnd.java:21)
at com.test.tests.HekathonAPITestScriptEndToEnd.baseUri(HekathonAPITestScriptEndToEnd.java:21)
at com.test.tests.HekathonAPITestScriptEndToEnd.baseUri(HekathonAPITestScriptEndToEnd.java:21)
at com.test.tests.HekathonAPITestScriptEndToEnd.baseUri(HekathonAPITestScriptEndToEnd.java:21)
at com.test.tests.HekathonAPITestScriptEndToEnd.baseUri(HekathonAPITestScriptEndToEnd.java:21)
at com.test.tests.HekathonAPITestScriptEndToEnd.baseUri(HekathonAPITestScriptEndToEnd.java:21)
at com.test.tests.HekathonAPITestScriptEndToEnd.baseUri(HekathonAPITestScriptEndToEnd.java:21)
at com.test.tests.HekathonAPITestScriptEndToEnd.baseUri(HekathonAPITestScriptEndToEnd.java:21)
at com.test.tests.HekathonAPITestScriptEndToEnd.baseUri(HekathonAPITestScriptEndToEnd.java:21)
at com.test.tests.HekathonAPITestScriptEndToEnd.baseUri(HekathonAPITestScriptEndToEnd.java:21)
at com.test.tests.HekathonAPITestScriptEndToEnd.baseUri(HekathonAPITestScriptEndToEnd.java:21)
at com.test.tests.HekathonAPITestScriptEndToEnd.baseUri(HekathonAPITestScriptEndToEnd.java:21)
at com.test.tests.HekathonAPITestScriptEndToEnd.baseUri(HekathonAPITestScriptEndToEnd.java:21)
at com.test.tests.HekathonAPITestScriptEndToEnd.baseUri(HekathonAPITestScriptEndToEnd.java:21)
at com.test.tests.HekathonAPITestScriptEndToEnd.baseUri(HekathonAPITestScriptEndToEnd.java:21)
at com.test.tests.HekathonAPITestScriptEndToEnd.baseUri(HekathonAPITestScriptEndToEnd.java:21)
at com.test.tests.HekathonAPITestScriptEndToEnd.baseUri(HekathonAPITestScriptEndToEnd.java:21)
at com.test.tests.HekathonAPITestScriptEndToEnd.baseUri(HekathonAPITestScriptEndToEnd.java:21)
at com.test.tests.HekathonAPITestScriptEndToEnd.baseUri(HekathonAPITestScriptEndToEnd.java:21)
at com.test.tests.HekathonAPITestScriptEndToEnd.baseUri(HekathonAPITestScriptEndToEnd.java:21)
at com.test.tests.HekathonAPITestScriptEndToEnd.baseUri(HekathonAPITestScriptEndToEnd.java:21)
at com.test.tests.HekathonAPITestScriptEndToEnd.baseUri(HekathonAPITestScriptEndToEnd.java:21)
at com.test.tests.HekathonAPITestScriptEndToEnd.baseUri(HekathonAPITestScriptEndToEnd.java:21)
at com.test.tests.HekathonAPITestScriptEndToEnd.baseUri(HekathonAPITestScriptEndToEnd.java:21)
at com.test.tests.HekathonAPITestScriptEndToEnd.baseUri(HekathonAPITestScriptEndToEnd.java:21)
at com.test.tests.HekathonAPITestScriptEndToEnd.baseUri(HekathonAPITestScriptEndToEnd.java:21)
at com.test.tests.HekathonAPITestScriptEndToEnd.baseUri(HekathonAPITestScriptEndToEnd.java:21)
at com.test.tests.HekathonAPITestScriptEndToEnd.baseUri(HekathonAPITestScriptEndToEnd.java:21)
at com.test.tests.HekathonAPITestScriptEndToEnd.baseUri(HekathonAPITestScriptEndToEnd.java:21)
at com.test.tests.HekathonAPITestScriptEndToEnd.baseUri(HekathonAPITestScriptEndToEnd.java:21)
at com.test.tests.HekathonAPITestScriptEndToEnd.baseUri(HekathonAPITestScriptEndToEnd.java:21)
at com.test.tests.HekathonAPITestScriptEndToEnd.baseUri(HekathonAPITestScriptEndToEnd.java:21)
at com.test.tests.HekathonAPITestScriptEndToEnd.baseUri(HekathonAPITestScriptEndToEnd.java:21)
at com.test.tests.HekathonAPITestScriptEndToEnd.baseUri(HekathonAPITestScriptEndToEnd.java:21)
at com.test.tests.HekathonAPITestScriptEndToEnd.baseUri(HekathonAPITestScriptEndToEnd.java:21)
at com.test.tests.HekathonAPITestScriptEndToEnd.baseUri(HekathonAPITestScriptEndToEnd.java:21)
at com.test.tests.HekathonAPITestScriptEndToEnd.baseUri(HekathonAPITestScriptEndToEnd.java:21)
at com.test.tests.HekathonAPITestScriptEndToEnd.baseUri(HekathonAPITestScriptEndToEnd.java:21)
at com.test.tests.HekathonAPITestScriptEndToEnd.baseUri(HekathonAPITestScriptEndToEnd.java:21)
at com.test.tests.HekathonAPITestScriptEndToEnd.baseUri(HekathonAPITestScriptEndToEnd.java:21)
at com.test.tests.HekathonAPITestScriptEndToEnd.baseUri(HekathonAPITestScriptEndToEnd.java:21)
at com.test.tests.HekathonAPITestScriptEndToEnd.baseUri(HekathonAPITestScriptEndToEnd.java:21)
at com.test.tests.HekathonAPITestScriptEndToEnd.baseUri(HekathonAPITestScriptEndToEnd.java:21)
at com.test.tests.HekathonAPITestScriptEndToEnd.baseUri(HekathonAPITestScriptEndToEnd.java:21)
at com.test.tests.HekathonAPITestScriptEndToEnd.baseUri(HekathonAPITestScriptEndToEnd.java:21)
at com.test.tests.HekathonAPITestScriptEndToEnd.baseUri(HekathonAPITestScriptEndToEnd.java:21)
at com.test.tests.HekathonAPITestScriptEndToEnd.baseUri(HekathonAPITestScriptEndToEnd.java:21)
at com.test.tests.HekathonAPITestScriptEndToEnd.baseUri(HekathonAPITestScriptEndToEnd.java:21)
at com.test.tests.HekathonAPITestScriptEndToEnd.baseUri(HekathonAPITestScriptEndToEnd.java:21)
at com.test.tests.HekathonAPITestScriptEndToEnd.baseUri(HekathonAPITestScriptEndToEnd.java:21)
at com.test.tests.HekathonAPITestScriptEndToEnd.baseUri(HekathonAPITestScriptEndToEnd.java:21)
at com.test.tests.HekathonAPITestScriptEndToEnd.baseUri(HekathonAPITestScriptEndToEnd.java:21)
at com.test.tests.HekathonAPITestScriptEndToEnd.baseUri(HekathonAPITestScriptEndToEnd.java:21)
at com.test.tests.HekathonAPITestScriptEndToEnd.baseUri(HekathonAPITestScriptEndToEnd.java:21)
at com.test.tests.HekathonAPITestScriptEndToEnd.baseUri(HekathonAPITestScriptEndToEnd.java:21)
at com.test.tests.HekathonAPITestScriptEndToEnd.baseUri(HekathonAPITestScriptEndToEnd.java:21)
at com.test.tests.HekathonAPITestScriptEndToEnd.baseUri(HekathonAPITestScriptEndToEnd.java:21)
at com.test.tests.HekathonAPITestScriptEndToEnd.baseUri(HekathonAPITestScriptEndToEnd.java:21)
at com.test.tests.HekathonAPITestScriptEndToEnd.baseUri(HekathonAPITestScriptEndToEnd.java:21)
at com.test.tests.HekathonAPITestScriptEndToEnd.baseUri(HekathonAPITestScriptEndToEnd.java:21)
at com.test.tests.HekathonAPITestScriptEndToEnd.baseUri(HekathonAPITestScriptEndToEnd.java:21)
at com.test.tests.HekathonAPITestScriptEndToEnd.baseUri(HekathonAPITestScriptEndToEnd.java:21)
at com.test.tests.HekathonAPITestScriptEndToEnd.baseUri(HekathonAPITestScriptEndToEnd.java:21)
at com.test.tests.HekathonAPITestScriptEndToEnd.baseUri(HekathonAPITestScriptEndToEnd.java:21)
at com.test.tests.HekathonAPITestScriptEndToEnd.baseUri(HekathonAPITestScriptEndToEnd.java:21)
at com.test.tests.HekathonAPITestScriptEndToEnd.baseUri(HekathonAPITestScriptEndToEnd.java:21)
at com.test.tests.HekathonAPITestScriptEndToEnd.baseUri(HekathonAPITestScriptEndToEnd.java:21)
at com.test.tests.HekathonAPITestScriptEndToEnd.baseUri(HekathonAPITestScriptEndToEnd.java:21)
at com.test.tests.HekathonAPITestScriptEndToEnd.baseUri(HekathonAPITestScriptEndToEnd.java:21)
at com.test.tests.HekathonAPITestScriptEndToEnd.baseUri(HekathonAPITestScriptEndToEnd.java:21)
at com.test.tests.HekathonAPITestScriptEndToEnd.baseUri(HekathonAPITestScriptEndToEnd.java:21)
at com.test.tests.HekathonAPITestScriptEndToEnd.baseUri(HekathonAPITestScriptEndToEnd.java:21)
at com.test.tests.HekathonAPITestScriptEndToEnd.baseUri(HekathonAPITestScriptEndToEnd.java:21)
at com.test.tests.HekathonAPITestScriptEndToEnd.baseUri(HekathonAPITestScriptEndToEnd.java:21)
at com.test.tests.HekathonAPITestScriptEndToEnd.baseUri(HekathonAPITestScriptEndToEnd.java:21)
at com.test.tests.HekathonAPITestScriptEndToEnd.baseUri(HekathonAPITestScriptEndToEnd.java:21)
at com.test.tests.HekathonAPITestScriptEndToEnd.baseUri(HekathonAPITestScriptEndToEnd.java:21)
at com.test.tests.HekathonAPITestScriptEndToEnd.baseUri(HekathonAPITestScriptEndToEnd.java:21)
at com.test.tests.HekathonAPITestScriptEndToEnd.baseUri(HekathonAPITestScriptEndToEnd.java:21)
at com.test.tests.HekathonAPITestScriptEndToEnd.baseUri(HekathonAPITestScriptEndToEnd.java:21)
at com.test.tests.HekathonAPITestScriptEndToEnd.baseUri(HekathonAPITestScriptEndToEnd.java:21)
at com.test.tests.HekathonAPITestScriptEndToEnd.baseUri(HekathonAPITestScriptEndToEnd.java:21)
at com.test.tests.HekathonAPITestScriptEndToEnd.baseUri(HekathonAPITestScriptEndToEnd.java:21)
at com.test.tests.HekathonAPITestScriptEndToEnd.baseUri(HekathonAPITestScriptEndToEnd.java:21)
at com.test.tests.HekathonAPITestScriptEndToEnd.baseUri(HekathonAPITestScriptEndToEnd.java:21)
at com.test.tests.HekathonAPITestScriptEndToEnd.baseUri(HekathonAPITestScriptEndToEnd.java:21)
at com.test.tests.HekathonAPITestScriptEndToEnd.baseUri(HekathonAPITestScriptEndToEnd.java:21)
at com.test.tests.HekathonAPITestScriptEndToEnd.baseUri(HekathonAPITestScriptEndToEnd.java:21)
at com.test.tests.HekathonAPITestScriptEndToEnd.baseUri(HekathonAPITestScriptEndToEnd.java:21)
at com.test.tests.HekathonAPITestScriptEndToEnd.baseUri(HekathonAPITestScriptEndToEnd.java:21)
at com.test.tests.HekathonAPITestScriptEndToEnd.baseUri(HekathonAPITestScriptEndToEnd.java:21)
at com.test.tests.HekathonAPITestScriptEndToEnd.baseUri(HekathonAPITestScriptEndToEnd.java:21)
at com.test.tests.HekathonAPITestScriptEndToEnd.baseUri(HekathonAPITestScriptEndToEnd.java:21)
at com.test.tests.HekathonAPITestScriptEndToEnd.baseUri(HekathonAPITestScriptEndToEnd.java:21)
at com.test.tests.HekathonAPITestScriptEndToEnd.baseUri(HekathonAPITestScriptEndToEnd.java:21)
at com.test.tests.HekathonAPITestScriptEndToEnd.baseUri(HekathonAPITestScriptEndToEnd.java:21)
at com.test.tests.HekathonAPITestScriptEndToEnd.baseUri(HekathonAPITestScriptEndToEnd.java:21)
at com.test.tests.HekathonAPITestScriptEndToEnd.baseUri(HekathonAPITestScriptEndToEnd.java:21)
at com.test.tests.HekathonAPITestScriptEndToEnd.baseUri(HekathonAPITestScriptEndToEnd.java:21)
at com.test.tests.HekathonAPITestScriptEndToEnd.baseUri(HekathonAPITestScriptEndToEnd.java:21)
at com.test.tests.HekathonAPITestScriptEndToEnd.baseUri(HekathonAPITestScriptEndToEnd.java:21)
at com.test.tests.HekathonAPITestScriptEndToEnd.baseUri(HekathonAPITestScriptEndToEnd.java:21)
at com.test.tests.HekathonAPITestScriptEndToEnd.baseUri(HekathonAPITestScriptEndToEnd.java:21)
at com.test.tests.HekathonAPITestScriptEndToEnd.baseUri(HekathonAPITestScriptEndToEnd.java:21)
at com.test.tests.HekathonAPITestScriptEndToEnd.baseUri(HekathonAPITestScriptEndToEnd.java:21)
at com.test.tests.HekathonAPITestScriptEndToEnd.baseUri(HekathonAPITestScriptEndToEnd.java:21)
at com.test.tests.HekathonAPITestScriptEndToEnd.baseUri(HekathonAPITestScriptEndToEnd.java:21)
at com.test.tests.HekathonAPITestScriptEndToEnd.baseUri(HekathonAPITestScriptEndToEnd.java:21)
at com.test.tests.HekathonAPITestScriptEndToEnd.baseUri(HekathonAPITestScriptEndToEnd.java:21)
at com.test.tests.HekathonAPITestScriptEndToEnd.baseUri(HekathonAPITestScriptEndToEnd.java:21)
at com.test.tests.HekathonAPITestScriptEndToEnd.baseUri(HekathonAPITestScriptEndToEnd.java:21)
at com.test.tests.HekathonAPITestScriptEndToEnd.baseUri(HekathonAPITestScriptEndToEnd.java:21)
at com.test.tests.HekathonAPITestScriptEndToEnd.baseUri(HekathonAPITestScriptEndToEnd.java:21)
at com.test.tests.HekathonAPITestScriptEndToEnd.baseUri(HekathonAPITestScriptEndToEnd.java:21)
at com.test.tests.HekathonAPITestScriptEndToEnd.baseUri(HekathonAPITestScriptEndToEnd.java:21)
at com.test.tests.HekathonAPITestScriptEndToEnd.baseUri(HekathonAPITestScriptEndToEnd.java:21)
at com.test.tests.HekathonAPITestScriptEndToEnd.baseUri(HekathonAPITestScriptEndToEnd.java:21)
at com.test.tests.HekathonAPITestScriptEndToEnd.baseUri(HekathonAPITestScriptEndToEnd.java:21)
at com.test.tests.HekathonAPITestScriptEndToEnd.baseUri(HekathonAPITestScriptEndToEnd.java:21)
at com.test.tests.HekathonAPITestScriptEndToEnd.baseUri(HekathonAPITestScriptEndToEnd.java:21)
at com.test.tests.HekathonAPITestScriptEndToEnd.baseUri(HekathonAPITestScriptEndToEnd.java:21)
at com.test.tests.HekathonAPITestScriptEndToEnd.baseUri(HekathonAPITestScriptEndToEnd.java:21)
at com.test.tests.HekathonAPITestScriptEndToEnd.baseUri(HekathonAPITestScriptEndToEnd.java:21)
at com.test.tests.HekathonAPITestScriptEndToEnd.baseUri(HekathonAPITestScriptEndToEnd.java:21)
at com.test.tests.HekathonAPITestScriptEndToEnd.baseUri(HekathonAPITestScriptEndToEnd.java:21)
at com.test.tests.HekathonAPITestScriptEndToEnd.baseUri(HekathonAPITestScriptEndToEnd.java:21)
at com.test.tests.HekathonAPITestScriptEndToEnd.baseUri(HekathonAPITestScriptEndToEnd.java:21)
at com.test.tests.HekathonAPITestScriptEndToEnd.baseUri(HekathonAPITestScriptEndToEnd.java:21)
at com.test.tests.HekathonAPITestScriptEndToEnd.baseUri(HekathonAPITestScriptEndToEnd.java:21)
at com.test.tests.HekathonAPITestScriptEndToEnd.baseUri(HekathonAPITestScriptEndToEnd.java:21)
at com.test.tests.HekathonAPITestScriptEndToEnd.baseUri(HekathonAPITestScriptEndToEnd.java:21)
at com.test.tests.HekathonAPITestScriptEndToEnd.baseUri(HekathonAPITestScriptEndToEnd.java:21)
at com.test.tests.HekathonAPITestScriptEndToEnd.baseUri(HekathonAPITestScriptEndToEnd.java:21)
at com.test.tests.HekathonAPITestScriptEndToEnd.baseUri(HekathonAPITestScriptEndToEnd.java:21)
at com.test.tests.HekathonAPITestScriptEndToEnd.baseUri(HekathonAPITestScriptEndToEnd.java:21)
at com.test.tests.HekathonAPITestScriptEndToEnd.baseUri(HekathonAPITestScriptEndToEnd.java:21)
at com.test.tests.HekathonAPITestScriptEndToEnd.baseUri(HekathonAPITestScriptEndToEnd.java:21)
at com.test.tests.HekathonAPITestScriptEndToEnd.baseUri(HekathonAPITestScriptEndToEnd.java:21)
at com.test.tests.HekathonAPITestScriptEndToEnd.baseUri(HekathonAPITestScriptEndToEnd.java:21)
at com.test.tests.HekathonAPITestScriptEndToEnd.baseUri(HekathonAPITestScriptEndToEnd.java:21)
at com.test.tests.HekathonAPITestScriptEndToEnd.baseUri(HekathonAPITestScriptEndToEnd.java:21)
at com.test.tests.HekathonAPITestScriptEndToEnd.baseUri(HekathonAPITestScriptEndToEnd.java:21)
at com.test.tests.HekathonAPITestScriptEndToEnd.baseUri(HekathonAPITestScriptEndToEnd.java:21)
at com.test.tests.HekathonAPITestScriptEndToEnd.baseUri(HekathonAPITestScriptEndToEnd.java:21)
at com.test.tests.HekathonAPITestScriptEndToEnd.baseUri(HekathonAPITestScriptEndToEnd.java:21)
at com.test.tests.HekathonAPITestScriptEndToEnd.baseUri(HekathonAPITestScriptEndToEnd.java:21)
at com.test.tests.HekathonAPITestScriptEndToEnd.baseUri(HekathonAPITestScriptEndToEnd.java:21)
at com.test.tests.HekathonAPITestScriptEndToEnd.baseUri(HekathonAPITestScriptEndToEnd.java:21)
at com.test.tests.HekathonAPITestScriptEndToEnd.baseUri(HekathonAPITestScriptEndToEnd.java:21)
at com.test.tests.HekathonAPITestScriptEndToEnd.baseUri(HekathonAPITestScriptEndToEnd.java:21)
at com.test.tests.HekathonAPITestScriptEndToEnd.baseUri(HekathonAPITestScriptEndToEnd.java:21)
at com.test.tests.HekathonAPITestScriptEndToEnd.baseUri(HekathonAPITestScriptEndToEnd.java:21)
at com.test.tests.HekathonAPITestScriptEndToEnd.baseUri(HekathonAPITestScriptEndToEnd.java:21)
at com.test.tests.HekathonAPITestScriptEndToEnd.baseUri(HekathonAPITestScriptEndToEnd.java:21)
at com.test.tests.HekathonAPITestScriptEndToEnd.baseUri(HekathonAPITestScriptEndToEnd.java:21)
at com.test.tests.HekathonAPITestScriptEndToEnd.baseUri(HekathonAPITestScriptEndToEnd.java:21)
at com.test.tests.HekathonAPITestScriptEndToEnd.baseUri(HekathonAPITestScriptEndToEnd.java:21)
at com.test.tests.HekathonAPITestScriptEndToEnd.baseUri(HekathonAPITestScriptEndToEnd.java:21)
at com.test.tests.HekathonAPITestScriptEndToEnd.baseUri(HekathonAPITestScriptEndToEnd.java:21)
at com.test.tests.HekathonAPITestScriptEndToEnd.baseUri(HekathonAPITestScriptEndToEnd.java:21)
at com.test.tests.HekathonAPITestScriptEndToEnd.baseUri(HekathonAPITestScriptEndToEnd.java:21)
at com.test.tests.HekathonAPITestScriptEndToEnd.baseUri(HekathonAPITestScriptEndToEnd.java:21)
at com.test.tests.HekathonAPITestScriptEndToEnd.baseUri(HekathonAPITestScriptEndToEnd.java:21)
at com.test.tests.HekathonAPITestScriptEndToEnd.baseUri(HekathonAPITestScriptEndToEnd.java:21)
at com.test.tests.HekathonAPITestScriptEndToEnd.baseUri(HekathonAPITestScriptEndToEnd.java:21)
at com.test.tests.HekathonAPITestScriptEndToEnd.baseUri(HekathonAPITestScriptEndToEnd.java:21)
at com.test.tests.HekathonAPITestScriptEndToEnd.baseUri(HekathonAPITestScriptEndToEnd.java:21)
at com.test.tests.HekathonAPITestScriptEndToEnd.baseUri(HekathonAPITestScriptEndToEnd.java:21)
at com.test.tests.HekathonAPITestScriptEndToEnd.baseUri(HekathonAPITestScriptEndToEnd.java:21)
at com.test.tests.HekathonAPITestScriptEndToEnd.baseUri(HekathonAPITestScriptEndToEnd.java:21)
at com.test.tests.HekathonAPITestScriptEndToEnd.baseUri(HekathonAPITestScriptEndToEnd.java:21)
at com.test.tests.HekathonAPITestScriptEndToEnd.baseUri(HekathonAPITestScriptEndToEnd.java:21)
at com.test.tests.HekathonAPITestScriptEndToEnd.baseUri(HekathonAPITestScriptEndToEnd.java:21)
at com.test.tests.HekathonAPITestScriptEndToEnd.baseUri(HekathonAPITestScriptEndToEnd.java:21)
at com.test.tests.HekathonAPITestScriptEndToEnd.baseUri(HekathonAPITestScriptEndToEnd.java:21)
at com.test.tests.HekathonAPITestScriptEndToEnd.baseUri(HekathonAPITestScriptEndToEnd.java:21)
at com.test.tests.HekathonAPITestScriptEndToEnd.baseUri(HekathonAPITestScriptEndToEnd.java:21)
at com.test.tests.HekathonAPITestScriptEndToEnd.baseUri(HekathonAPITestScriptEndToEnd.java:21)
at com.test.tests.HekathonAPITestScriptEndToEnd.baseUri(HekathonAPITestScriptEndToEnd.java:21)
at com.test.tests.HekathonAPITestScriptEndToEnd.baseUri(HekathonAPITestScriptEndToEnd.java:21)
at com.test.tests.HekathonAPITestScriptEndToEnd.baseUri(HekathonAPITestScriptEndToEnd.java:21)
at com.test.tests.HekathonAPITestScriptEndToEnd.baseUri(HekathonAPITestScriptEndToEnd.java:21)
at com.test.tests.HekathonAPITestScriptEndToEnd.baseUri(HekathonAPITestScriptEndToEnd.java:21)
at com.test.tests.HekathonAPITestScriptEndToEnd.baseUri(HekathonAPITestScriptEndToEnd.java:21)
at com.test.tests.HekathonAPITestScriptEndToEnd.baseUri(HekathonAPITestScriptEndToEnd.java:21)
at com.test.tests.HekathonAPITestScriptEndToEnd.baseUri(HekathonAPITestScriptEndToEnd.java:21)
at com.test.tests.HekathonAPITestScriptEndToEnd.baseUri(HekathonAPITestScriptEndToEnd.java:21)
at com.test.tests.HekathonAPITestScriptEndToEnd.baseUri(HekathonAPITestScriptEndToEnd.java:21)
at com.test.tests.HekathonAPITestScriptEndToEnd.baseUri(HekathonAPITestScriptEndToEnd.java:21)
at com.test.tests.HekathonAPITestScriptEndToEnd.baseUri(HekathonAPITestScriptEndToEnd.java:21)
at com.test.tests.HekathonAPITestScriptEndToEnd.baseUri(HekathonAPITestScriptEndToEnd.java:21)
at com.test.tests.HekathonAPITestScriptEndToEnd.baseUri(HekathonAPITestScriptEndToEnd.java:21)
at com.test.tests.HekathonAPITestScriptEndToEnd.baseUri(HekathonAPITestScriptEndToEnd.java:21)
at com.test.tests.HekathonAPITestScriptEndToEnd.baseUri(HekathonAPITestScriptEndToEnd.java:21)
at com.test.tests.HekathonAPITestScriptEndToEnd.baseUri(HekathonAPITestScriptEndToEnd.java:21)
at com.test.tests.HekathonAPITestScriptEndToEnd.baseUri(HekathonAPITestScriptEndToEnd.java:21)
at com.test.tests.HekathonAPITestScriptEndToEnd.baseUri(HekathonAPITestScriptEndToEnd.java:21)
at com.test.tests.HekathonAPITestScriptEndToEnd.baseUri(HekathonAPITestScriptEndToEnd.java:21)
at com.test.tests.HekathonAPITestScriptEndToEnd.baseUri(HekathonAPITestScriptEndToEnd.java:21)
at com.test.tests.HekathonAPITestScriptEndToEnd.baseUri(HekathonAPITestScriptEndToEnd.java:21)
at com.test.tests.HekathonAPITestScriptEndToEnd.baseUri(HekathonAPITestScriptEndToEnd.java:21)
at com.test.tests.HekathonAPITestScriptEndToEnd.baseUri(HekathonAPITestScriptEndToEnd.java:21)
at com.test.tests.HekathonAPITestScriptEndToEnd.baseUri(HekathonAPITestScriptEndToEnd.java:21)
at com.test.tests.HekathonAPITestScriptEndToEnd.baseUri(HekathonAPITestScriptEndToEnd.java:21)
at com.test.tests.HekathonAPITestScriptEndToEnd.baseUri(HekathonAPITestScriptEndToEnd.java:21)
at com.test.tests.HekathonAPITestScriptEndToEnd.baseUri(HekathonAPITestScriptEndToEnd.java:21)
at com.test.tests.HekathonAPITestScriptEndToEnd.baseUri(HekathonAPITestScriptEndToEnd.java:21)
at com.test.tests.HekathonAPITestScriptEndToEnd.baseUri(HekathonAPITestScriptEndToEnd.java:21)
at com.test.tests.HekathonAPITestScriptEndToEnd.baseUri(HekathonAPITestScriptEndToEnd.java:21)
at com.test.tests.HekathonAPITestScriptEndToEnd.baseUri(HekathonAPITestScriptEndToEnd.java:21)
at com.test.tests.HekathonAPITestScriptEndToEnd.baseUri(HekathonAPITestScriptEndToEnd.java:21)
at com.test.tests.HekathonAPITestScriptEndToEnd.baseUri(HekathonAPITestScriptEndToEnd.java:21)
at com.test.tests.HekathonAPITestScriptEndToEnd.baseUri(HekathonAPITestScriptEndToEnd.java:21)
at com.test.tests.HekathonAPITestScriptEndToEnd.baseUri(HekathonAPITestScriptEndToEnd.java:21)
at com.test.tests.HekathonAPITestScriptEndToEnd.baseUri(HekathonAPITestScriptEndToEnd.java:21)
at com.test.tests.HekathonAPITestScriptEndToEnd.baseUri(HekathonAPITestScriptEndToEnd.java:21)
at com.test.tests.HekathonAPITestScriptEndToEnd.baseUri(HekathonAPITestScriptEndToEnd.java:21)
at com.test.tests.HekathonAPITestScriptEndToEnd.baseUri(HekathonAPITestScriptEndToEnd.java:21)
at com.test.tests.HekathonAPITestScriptEndToEnd.baseUri(HekathonAPITestScriptEndToEnd.java:21)
at com.test.tests.HekathonAPITestScriptEndToEnd.baseUri(HekathonAPITestScriptEndToEnd.java:21)
at com.test.tests.HekathonAPITestScriptEndToEnd.baseUri(HekathonAPITestScriptEndToEnd.java:21)
at com.test.tests.HekathonAPITestScriptEndToEnd.baseUri(HekathonAPITestScriptEndToEnd.java:21)
at com.test.tests.HekathonAPITestScriptEndToEnd.baseUri(HekathonAPITestScriptEndToEnd.java:21)
at com.test.tests.HekathonAPITestScriptEndToEnd.baseUri(HekathonAPITestScriptEndToEnd.java:21)
at com.test.tests.HekathonAPITestScriptEndToEnd.baseUri(HekathonAPITestScriptEndToEnd.java:21)
at com.test.tests.HekathonAPITestScriptEndToEnd.baseUri(HekathonAPITestScriptEndToEnd.java:21)
at com.test.tests.HekathonAPITestScriptEndToEnd.baseUri(HekathonAPITestScriptEndToEnd.java:21)
at com.test.tests.HekathonAPITestScriptEndToEnd.baseUri(HekathonAPITestScriptEndToEnd.java:21)
at com.test.tests.HekathonAPITestScriptEndToEnd.baseUri(HekathonAPITestScriptEndToEnd.java:21)
at com.test.tests.HekathonAPITestScriptEndToEnd.baseUri(HekathonAPITestScriptEndToEnd.java:21)
at com.test.tests.HekathonAPITestScriptEndToEnd.baseUri(HekathonAPITestScriptEndToEnd.java:21)
at com.test.tests.HekathonAPITestScriptEndToEnd.baseUri(HekathonAPITestScriptEndToEnd.java:21)
at com.test.tests.HekathonAPITestScriptEndToEnd.baseUri(HekathonAPITestScriptEndToEnd.java:21)
at com.test.tests.HekathonAPITestScriptEndToEnd.baseUri(HekathonAPITestScriptEndToEnd.java:21)
at com.test.tests.HekathonAPITestScriptEndToEnd.baseUri(HekathonAPITestScriptEndToEnd.java:21)
at com.test.tests.HekathonAPITestScriptEndToEnd.baseUri(HekathonAPITestScriptEndToEnd.java:21)
at com.test.tests.HekathonAPITestScriptEndToEnd.baseUri(HekathonAPITestScriptEndToEnd.java:21)
at com.test.tests.HekathonAPITestScriptEndToEnd.baseUri(HekathonAPITestScriptEndToEnd.java:21)
at com.test.tests.HekathonAPITestScriptEndToEnd.baseUri(HekathonAPITestScriptEndToEnd.java:21)
at com.test.tests.HekathonAPITestScriptEndToEnd.baseUri(HekathonAPITestScriptEndToEnd.java:21)
at com.test.tests.HekathonAPITestScriptEndToEnd.baseUri(HekathonAPITestScriptEndToEnd.java:21)
at com.test.tests.HekathonAPITestScriptEndToEnd.baseUri(HekathonAPITestScriptEndToEnd.java:21)
at com.test.tests.HekathonAPITestScriptEndToEnd.baseUri(HekathonAPITestScriptEndToEnd.java:21)
at com.test.tests.HekathonAPITestScriptEndToEnd.baseUri(HekathonAPITestScriptEndToEnd.java:21)
at com.test.tests.HekathonAPITestScriptEndToEnd.baseUri(HekathonAPITestScriptEndToEnd.java:21)
at com.test.tests.HekathonAPITestScriptEndToEnd.baseUri(HekathonAPITestScriptEndToEnd.java:21)
at com.test.tests.HekathonAPITestScriptEndToEnd.baseUri(HekathonAPITestScriptEndToEnd.java:21)
at com.test.tests.HekathonAPITestScriptEndToEnd.baseUri(HekathonAPITestScriptEndToEnd.java:21)
at com.test.tests.HekathonAPITestScriptEndToEnd.baseUri(HekathonAPITestScriptEndToEnd.java:21)
at com.test.tests.HekathonAPITestScriptEndToEnd.baseUri(HekathonAPITestScriptEndToEnd.java:21)
at com.test.tests.HekathonAPITestScriptEndToEnd.baseUri(HekathonAPITestScriptEndToEnd.java:21)
at com.test.tests.HekathonAPITestScriptEndToEnd.baseUri(HekathonAPITestScriptEndToEnd.java:21)
at com.test.tests.HekathonAPITestScriptEndToEnd.baseUri(HekathonAPITestScriptEndToEnd.java:21)
at com.test.tests.HekathonAPITestScriptEndToEnd.baseUri(HekathonAPITestScriptEndToEnd.java:21)
at com.test.tests.HekathonAPITestScriptEndToEnd.baseUri(HekathonAPITestScriptEndToEnd.java:21)
at com.test.tests.HekathonAPITestScriptEndToEnd.baseUri(HekathonAPITestScriptEndToEnd.java:21)
at com.test.tests.HekathonAPITestScriptEndToEnd.baseUri(HekathonAPITestScriptEndToEnd.java:21)
at com.test.tests.HekathonAPITestScriptEndToEnd.baseUri(HekathonAPITestScriptEndToEnd.java:21)
at com.test.tests.HekathonAPITestScriptEndToEnd.baseUri(HekathonAPITestScriptEndToEnd.java:21)
at com.test.tests.HekathonAPITestScriptEndToEnd.baseUri(HekathonAPITestScriptEndToEnd.java:21)
at com.test.tests.HekathonAPITestScriptEndToEnd.baseUri(HekathonAPITestScriptEndToEnd.java:21)
at com.test.tests.HekathonAPITestScriptEndToEnd.baseUri(HekathonAPITestScriptEndToEnd.java:21)
at com.test.tests.HekathonAPITestScriptEndToEnd.baseUri(HekathonAPITestScriptEndToEnd.java:21)
at com.test.tests.HekathonAPITestScriptEndToEnd.baseUri(HekathonAPITestScriptEndToEnd.java:21)
at com.test.tests.HekathonAPITestScriptEndToEnd.baseUri(HekathonAPITestScriptEndToEnd.java:21)
at com.test.tests.HekathonAPITestScriptEndToEnd.baseUri(HekathonAPITestScriptEndToEnd.java:21)
at com.test.tests.HekathonAPITestScriptEndToEnd.baseUri(HekathonAPITestScriptEndToEnd.java:21)
at com.test.tests.HekathonAPITestScriptEndToEnd.baseUri(HekathonAPITestScriptEndToEnd.java:21)
at com.test.tests.HekathonAPITestScriptEndToEnd.baseUri(HekathonAPITestScriptEndToEnd.java:21)
at com.test.tests.HekathonAPITestScriptEndToEnd.baseUri(HekathonAPITestScriptEndToEnd.java:21)
at com.test.tests.HekathonAPITestScriptEndToEnd.baseUri(HekathonAPITestScriptEndToEnd.java:21)
at com.test.tests.HekathonAPITestScriptEndToEnd.baseUri(HekathonAPITestScriptEndToEnd.java:21)
at com.test.tests.HekathonAPITestScriptEndToEnd.baseUri(HekathonAPITestScriptEndToEnd.java:21)
at com.test.tests.HekathonAPITestScriptEndToEnd.baseUri(HekathonAPITestScriptEndToEnd.java:21)
at com.test.tests.HekathonAPITestScriptEndToEnd.baseUri(HekathonAPITestScriptEndToEnd.java:21)
at com.test.tests.HekathonAPITestScriptEndToEnd.baseUri(HekathonAPITestScriptEndToEnd.java:21)
at com.test.tests.HekathonAPITestScriptEndToEnd.baseUri(HekathonAPITestScriptEndToEnd.java:21)
at com.test.tests.HekathonAPITestScriptEndToEnd.baseUri(HekathonAPITestScriptEndToEnd.java:21)
at com.test.tests.HekathonAPITestScriptEndToEnd.baseUri(HekathonAPITestScriptEndToEnd.java:21)
at com.test.tests.HekathonAPITestScriptEndToEnd.baseUri(HekathonAPITestScriptEndToEnd.java:21)
at com.test.tests.HekathonAPITestScriptEndToEnd.baseUri(HekathonAPITestScriptEndToEnd.java:21)
at com.test.tests.HekathonAPITestScriptEndToEnd.baseUri(HekathonAPITestScriptEndToEnd.java:21)
at com.test.tests.HekathonAPITestScriptEndToEnd.baseUri(HekathonAPITestScriptEndToEnd.java:21)
at com.test.tests.HekathonAPITestScriptEndToEnd.baseUri(HekathonAPITestScriptEndToEnd.java:21)
at com.test.tests.HekathonAPITestScriptEndToEnd.baseUri(HekathonAPITestScriptEndToEnd.java:21)
at com.test.tests.HekathonAPITestScriptEndToEnd.baseUri(HekathonAPITestScriptEndToEnd.java:21)
at com.test.tests.HekathonAPITestScriptEndToEnd.baseUri(HekathonAPITestScriptEndToEnd.java:21)
at com.test.tests.HekathonAPITestScriptEndToEnd.baseUri(HekathonAPITestScriptEndToEnd.java:21)
at com.test.tests.HekathonAPITestScriptEndToEnd.baseUri(HekathonAPITestScriptEndToEnd.java:21)
at com.test.tests.HekathonAPITestScriptEndToEnd.baseUri(HekathonAPITestScriptEndToEnd.java:21)
at com.test.tests.HekathonAPITestScriptEndToEnd.baseUri(HekathonAPITestScriptEndToEnd.java:21)
at com.test.tests.HekathonAPITestScriptEndToEnd.baseUri(HekathonAPITestScriptEndToEnd.java:21)
at com.test.tests.HekathonAPITestScriptEndToEnd.baseUri(HekathonAPITestScriptEndToEnd.java:21)
at com.test.tests.HekathonAPITestScriptEndToEnd.baseUri(HekathonAPITestScriptEndToEnd.java:21)
at com.test.tests.HekathonAPITestScriptEndToEnd.baseUri(HekathonAPITestScriptEndToEnd.java:21)
at com.test.tests.HekathonAPITestScriptEndToEnd.baseUri(HekathonAPITestScriptEndToEnd.java:21)
at com.test.tests.HekathonAPITestScriptEndToEnd.baseUri(HekathonAPITestScriptEndToEnd.java:21)
at com.test.tests.HekathonAPITestScriptEndToEnd.baseUri(HekathonAPITestScriptEndToEnd.java:21)
at com.test.tests.HekathonAPITestScriptEndToEnd.baseUri(HekathonAPITestScriptEndToEnd.java:21)
at com.test.tests.HekathonAPITestScriptEndToEnd.baseUri(HekathonAPITestScriptEndToEnd.java:21)
at com.test.tests.HekathonAPITestScriptEndToEnd.baseUri(HekathonAPITestScriptEndToEnd.java:21)
at com.test.tests.HekathonAPITestScriptEndToEnd.baseUri(HekathonAPITestScriptEndToEnd.java:21)
at com.test.tests.HekathonAPITestScriptEndToEnd.baseUri(HekathonAPITestScriptEndToEnd.java:21)
at com.test.tests.HekathonAPITestScriptEndToEnd.baseUri(HekathonAPITestScriptEndToEnd.java:21)
at com.test.tests.HekathonAPITestScriptEndToEnd.baseUri(HekathonAPITestScriptEndToEnd.java:21)
at com.test.tests.HekathonAPITestScriptEndToEnd.baseUri(HekathonAPITestScriptEndToEnd.java:21)
at com.test.tests.HekathonAPITestScriptEndToEnd.baseUri(HekathonAPITestScriptEndToEnd.java:21)
at com.test.tests.HekathonAPITestScriptEndToEnd.baseUri(HekathonAPITestScriptEndToEnd.java:21)
at com.test.tests.HekathonAPITestScriptEndToEnd.baseUri(HekathonAPITestScriptEndToEnd.java:21)
at com.test.tests.HekathonAPITestScriptEndToEnd.baseUri(HekathonAPITestScriptEndToEnd.java:21)
at com.test.tests.HekathonAPITestScriptEndToEnd.baseUri(HekathonAPITestScriptEndToEnd.java:21)
at com.test.tests.HekathonAPITestScriptEndToEnd.baseUri(HekathonAPITestScriptEndToEnd.java:21)
at com.test.tests.HekathonAPITestScriptEndToEnd.baseUri(HekathonAPITestScriptEndToEnd.java:21)
at com.test.tests.HekathonAPITestScriptEndToEnd.baseUri(HekathonAPITestScriptEndToEnd.java:21)
]]>
    </error>
  </testcase> <!-- baseUri -->
  <system-out/>
  <testcase classname="com.test.tests.HekathonAPITestScriptEndToEnd" name="TestCase2" time="0.001">
    <skipped/>
  </testcase> <!-- TestCase2 -->
  <system-out/>
  <testcase classname="com.test.tests.HekathonAPITestScriptEndToEnd" name="TestCase1">
    <skipped/>
  </testcase> <!-- TestCase1 -->
  <system-out/>
</testsuite> <!-- com.test.tests.HekathonAPITestScriptEndToEnd -->
